mode: set
github.com/zero-day-ai/sdk/errors.go:89.35,90.18 1 1
github.com/zero-day-ai/sdk/errors.go:90.18,92.3 1 1
github.com/zero-day-ai/sdk/errors.go:94.2,94.44 1 1
github.com/zero-day-ai/sdk/errors.go:94.44,96.3 1 1
github.com/zero-day-ai/sdk/errors.go:98.2,98.61 1 1
github.com/zero-day-ai/sdk/errors.go:103.35,105.2 1 1
github.com/zero-day-ai/sdk/errors.go:109.42,110.19 1 1
github.com/zero-day-ai/sdk/errors.go:110.19,112.3 1 0
github.com/zero-day-ai/sdk/errors.go:115.2,115.37 1 1
github.com/zero-day-ai/sdk/errors.go:115.37,117.39 1 1
github.com/zero-day-ai/sdk/errors.go:117.39,118.34 1 1
github.com/zero-day-ai/sdk/errors.go:118.34,120.5 1 1
github.com/zero-day-ai/sdk/errors.go:125.2,125.33 1 1
github.com/zero-day-ai/sdk/errors.go:142.62,144.27 2 1
github.com/zero-day-ai/sdk/errors.go:144.27,146.3 1 1
github.com/zero-day-ai/sdk/errors.go:147.2,147.24 1 1
github.com/zero-day-ai/sdk/errors.go:147.24,149.3 1 1
github.com/zero-day-ai/sdk/errors.go:150.2,150.16 1 1
github.com/zero-day-ai/sdk/errors.go:154.55,160.2 1 1
github.com/zero-day-ai/sdk/errors.go:163.57,169.2 1 1
github.com/zero-day-ai/sdk/errors.go:172.56,178.2 1 1
github.com/zero-day-ai/sdk/errors.go:181.60,187.2 1 1
github.com/zero-day-ai/sdk/errors.go:190.54,196.2 1 1
github.com/zero-day-ai/sdk/errors.go:199.57,205.2 1 1
github.com/zero-day-ai/sdk/errors.go:208.54,214.2 1 1
github.com/zero-day-ai/sdk/errors.go:217.55,223.2 1 1
github.com/zero-day-ai/sdk/types/health.go:30.40,32.2 1 1
github.com/zero-day-ai/sdk/types/health.go:35.41,37.2 1 1
github.com/zero-day-ai/sdk/types/health.go:40.42,42.2 1 1
github.com/zero-day-ai/sdk/types/health.go:45.52,50.2 1 1
github.com/zero-day-ai/sdk/types/health.go:53.77,59.2 1 1
github.com/zero-day-ai/sdk/types/health.go:62.78,68.2 1 1
github.com/zero-day-ai/sdk/types/mission.go:48.43,49.16 1 1
github.com/zero-day-ai/sdk/types/mission.go:49.16,51.3 1 1
github.com/zero-day-ai/sdk/types/mission.go:53.2,53.18 1 1
github.com/zero-day-ai/sdk/types/mission.go:53.18,55.3 1 1
github.com/zero-day-ai/sdk/types/mission.go:57.2,57.12 1 1
github.com/zero-day-ai/sdk/types/mission.go:61.62,62.23 1 1
github.com/zero-day-ai/sdk/types/mission.go:62.23,64.3 1 1
github.com/zero-day-ai/sdk/types/mission.go:65.2,66.16 2 1
github.com/zero-day-ai/sdk/types/mission.go:70.61,71.23 1 1
github.com/zero-day-ai/sdk/types/mission.go:71.23,73.3 1 1
github.com/zero-day-ai/sdk/types/mission.go:74.2,74.25 1 1
github.com/zero-day-ai/sdk/types/mission.go:79.43,80.36 1 1
github.com/zero-day-ai/sdk/types/mission.go:80.36,82.3 1 1
github.com/zero-day-ai/sdk/types/mission.go:84.2,85.9 2 1
github.com/zero-day-ai/sdk/types/mission.go:85.9,87.3 1 1
github.com/zero-day-ai/sdk/types/mission.go:89.2,90.9 2 1
github.com/zero-day-ai/sdk/types/mission.go:90.9,92.3 1 0
github.com/zero-day-ai/sdk/types/mission.go:94.2,94.54 1 1
github.com/zero-day-ai/sdk/types/mission.go:99.60,101.19 1 1
github.com/zero-day-ai/sdk/types/mission.go:101.19,103.3 1 1
github.com/zero-day-ai/sdk/types/mission.go:106.2,106.80 1 1
github.com/zero-day-ai/sdk/types/mission.go:106.80,108.3 1 1
github.com/zero-day-ai/sdk/types/mission.go:110.2,110.14 1 1
github.com/zero-day-ai/sdk/types/mission.go:114.75,115.31 1 1
github.com/zero-day-ai/sdk/types/mission.go:115.31,117.3 1 1
github.com/zero-day-ai/sdk/types/mission.go:119.2,127.9 3 1
github.com/zero-day-ai/sdk/types/mission.go:127.9,129.3 1 1
github.com/zero-day-ai/sdk/types/mission.go:131.2,132.9 2 1
github.com/zero-day-ai/sdk/types/mission.go:132.9,134.3 1 1
github.com/zero-day-ai/sdk/types/mission.go:136.2,136.27 1 1
github.com/zero-day-ai/sdk/types/mission.go:140.57,146.2 1 1
github.com/zero-day-ai/sdk/types/mission.go:149.49,153.2 1 1
github.com/zero-day-ai/sdk/types/mission.go:156.81,159.2 2 1
github.com/zero-day-ai/sdk/types/mission.go:162.75,165.2 2 1
github.com/zero-day-ai/sdk/types/mission.go:168.88,171.2 2 1
github.com/zero-day-ai/sdk/types/mission.go:174.82,177.2 2 1
github.com/zero-day-ai/sdk/types/target.go:25.37,27.2 1 1
github.com/zero-day-ai/sdk/types/target.go:30.36,31.11 1 1
github.com/zero-day-ai/sdk/types/target.go:32.94,33.14 1 1
github.com/zero-day-ai/sdk/types/target.go:34.10,35.15 1 1
github.com/zero-day-ai/sdk/types/target.go:66.39,67.16 1 1
github.com/zero-day-ai/sdk/types/target.go:67.16,69.3 1 1
github.com/zero-day-ai/sdk/types/target.go:71.2,71.18 1 1
github.com/zero-day-ai/sdk/types/target.go:71.18,73.3 1 1
github.com/zero-day-ai/sdk/types/target.go:75.2,75.17 1 1
github.com/zero-day-ai/sdk/types/target.go:75.17,77.3 1 1
github.com/zero-day-ai/sdk/types/target.go:79.2,79.23 1 1
github.com/zero-day-ai/sdk/types/target.go:79.23,81.3 1 1
github.com/zero-day-ai/sdk/types/target.go:83.2,83.12 1 1
github.com/zero-day-ai/sdk/types/target.go:87.51,88.22 1 1
github.com/zero-day-ai/sdk/types/target.go:88.22,90.3 1 1
github.com/zero-day-ai/sdk/types/target.go:91.2,91.23 1 1
github.com/zero-day-ai/sdk/types/target.go:95.51,96.22 1 1
github.com/zero-day-ai/sdk/types/target.go:96.22,98.3 1 1
github.com/zero-day-ai/sdk/types/target.go:99.2,99.24 1 1
github.com/zero-day-ai/sdk/types/target.go:103.58,104.23 1 1
github.com/zero-day-ai/sdk/types/target.go:104.23,106.3 1 1
github.com/zero-day-ai/sdk/types/target.go:107.2,108.16 2 1
github.com/zero-day-ai/sdk/types/target.go:112.57,113.23 1 1
github.com/zero-day-ai/sdk/types/target.go:113.23,115.3 1 1
github.com/zero-day-ai/sdk/types/target.go:116.2,116.25 1 1
github.com/zero-day-ai/sdk/types/target.go:125.42,127.2 1 1
github.com/zero-day-ai/sdk/types/technique.go:30.40,32.2 1 1
github.com/zero-day-ai/sdk/types/technique.go:35.39,36.11 1 1
github.com/zero-day-ai/sdk/types/technique.go:38.44,39.14 1 1
github.com/zero-day-ai/sdk/types/technique.go:40.10,41.15 1 1
github.com/zero-day-ai/sdk/types/technique.go:46.45,47.11 1 1
github.com/zero-day-ai/sdk/types/technique.go:48.32,49.82 1 1
github.com/zero-day-ai/sdk/types/technique.go:50.26,51.75 1 1
github.com/zero-day-ai/sdk/types/technique.go:52.31,53.77 1 1
github.com/zero-day-ai/sdk/types/technique.go:54.34,55.59 1 1
github.com/zero-day-ai/sdk/types/technique.go:56.20,57.76 1 1
github.com/zero-day-ai/sdk/types/technique.go:58.10,59.34 1 1
github.com/zero-day-ai/sdk/types/technique.go:65.42,66.11 1 1
github.com/zero-day-ai/sdk/types/technique.go:67.32,68.16 1 1
github.com/zero-day-ai/sdk/types/technique.go:69.26,70.16 1 1
github.com/zero-day-ai/sdk/types/technique.go:71.31,72.20 1 1
github.com/zero-day-ai/sdk/types/technique.go:73.34,74.18 1 1
github.com/zero-day-ai/sdk/types/technique.go:75.20,76.16 1 1
github.com/zero-day-ai/sdk/types/technique.go:77.10,78.19 1 1
github.com/zero-day-ai/sdk/types/technique.go:102.42,103.23 1 1
github.com/zero-day-ai/sdk/types/technique.go:103.23,105.3 1 1
github.com/zero-day-ai/sdk/types/technique.go:107.2,107.18 1 1
github.com/zero-day-ai/sdk/types/technique.go:107.18,109.3 1 1
github.com/zero-day-ai/sdk/types/technique.go:111.2,111.12 1 1
github.com/zero-day-ai/sdk/types/technique.go:115.49,116.27 1 1
github.com/zero-day-ai/sdk/types/technique.go:116.27,117.15 1 1
github.com/zero-day-ai/sdk/types/technique.go:117.15,119.4 1 1
github.com/zero-day-ai/sdk/types/technique.go:121.2,121.14 1 1
github.com/zero-day-ai/sdk/types/technique.go:125.44,126.20 1 1
github.com/zero-day-ai/sdk/types/technique.go:126.20,128.3 1 1
github.com/zero-day-ai/sdk/types/technique.go:132.61,133.23 1 1
github.com/zero-day-ai/sdk/types/technique.go:133.23,135.3 1 1
github.com/zero-day-ai/sdk/types/technique.go:136.2,137.16 2 1
github.com/zero-day-ai/sdk/types/technique.go:141.60,142.23 1 1
github.com/zero-day-ai/sdk/types/technique.go:142.23,144.3 1 1
github.com/zero-day-ai/sdk/types/technique.go:145.2,145.25 1 1
github.com/zero-day-ai/sdk/schema/schema.go:30.20,32.2 1 1
github.com/zero-day-ai/sdk/schema/schema.go:35.39,40.2 1 1
github.com/zero-day-ai/sdk/schema/schema.go:43.17,45.2 1 1
github.com/zero-day-ai/sdk/schema/schema.go:48.20,50.2 1 1
github.com/zero-day-ai/sdk/schema/schema.go:53.18,55.2 1 1
github.com/zero-day-ai/sdk/schema/schema.go:58.29,63.2 1 1
github.com/zero-day-ai/sdk/schema/schema.go:66.66,72.2 1 1
github.com/zero-day-ai/sdk/schema/schema.go:75.31,77.2 1 1
github.com/zero-day-ai/sdk/schema/schema.go:81.41,83.18 1 1
github.com/zero-day-ai/sdk/schema/schema.go:83.18,84.19 1 1
github.com/zero-day-ai/sdk/schema/schema.go:84.19,86.4 1 1
github.com/zero-day-ai/sdk/schema/schema.go:87.3,87.13 1 1
github.com/zero-day-ai/sdk/schema/schema.go:91.2,91.17 1 1
github.com/zero-day-ai/sdk/schema/schema.go:91.17,93.3 1 0
github.com/zero-day-ai/sdk/schema/schema.go:96.2,96.21 1 1
github.com/zero-day-ai/sdk/schema/schema.go:96.21,98.3 1 1
github.com/zero-day-ai/sdk/schema/schema.go:101.2,101.18 1 1
github.com/zero-day-ai/sdk/schema/schema.go:101.18,102.47 1 1
github.com/zero-day-ai/sdk/schema/schema.go:102.47,104.4 1 1
github.com/zero-day-ai/sdk/schema/schema.go:108.2,108.16 1 1
github.com/zero-day-ai/sdk/schema/schema.go:109.16,110.33 1 1
github.com/zero-day-ai/sdk/schema/schema.go:111.17,112.34 1 1
github.com/zero-day-ai/sdk/schema/schema.go:113.16,114.33 1 1
github.com/zero-day-ai/sdk/schema/schema.go:115.17,116.34 1 1
github.com/zero-day-ai/sdk/schema/schema.go:117.15,118.32 1 1
github.com/zero-day-ai/sdk/schema/schema.go:119.16,120.33 1 1
github.com/zero-day-ai/sdk/schema/schema.go:123.2,123.12 1 0
github.com/zero-day-ai/sdk/schema/schema.go:127.45,130.16 2 1
github.com/zero-day-ai/sdk/schema/schema.go:131.16,132.33 1 1
github.com/zero-day-ai/sdk/schema/schema.go:132.33,134.4 1 1
github.com/zero-day-ai/sdk/schema/schema.go:135.17,136.19 1 1
github.com/zero-day-ai/sdk/schema/schema.go:138.80,138.80 0 1
github.com/zero-day-ai/sdk/schema/schema.go:140.41,143.30 2 1
github.com/zero-day-ai/sdk/schema/schema.go:143.30,145.5 1 1
github.com/zero-day-ai/sdk/schema/schema.go:146.11,147.56 1 1
github.com/zero-day-ai/sdk/schema/schema.go:149.16,150.19 1 1
github.com/zero-day-ai/sdk/schema/schema.go:153.37,153.37 0 1
github.com/zero-day-ai/sdk/schema/schema.go:155.11,156.55 1 1
github.com/zero-day-ai/sdk/schema/schema.go:158.17,159.31 1 1
github.com/zero-day-ai/sdk/schema/schema.go:159.31,161.4 1 1
github.com/zero-day-ai/sdk/schema/schema.go:162.15,163.61 1 1
github.com/zero-day-ai/sdk/schema/schema.go:163.61,165.4 1 1
github.com/zero-day-ai/sdk/schema/schema.go:166.16,167.60 1 1
github.com/zero-day-ai/sdk/schema/schema.go:167.60,169.4 1 0
github.com/zero-day-ai/sdk/schema/schema.go:172.2,172.12 1 1
github.com/zero-day-ai/sdk/schema/schema.go:176.47,178.9 2 1
github.com/zero-day-ai/sdk/schema/schema.go:178.9,180.3 1 0
github.com/zero-day-ai/sdk/schema/schema.go:183.2,183.51 1 1
github.com/zero-day-ai/sdk/schema/schema.go:183.51,185.3 1 1
github.com/zero-day-ai/sdk/schema/schema.go:186.2,186.51 1 1
github.com/zero-day-ai/sdk/schema/schema.go:186.51,188.3 1 1
github.com/zero-day-ai/sdk/schema/schema.go:191.2,191.21 1 1
github.com/zero-day-ai/sdk/schema/schema.go:191.21,193.17 2 1
github.com/zero-day-ai/sdk/schema/schema.go:193.17,195.4 1 0
github.com/zero-day-ai/sdk/schema/schema.go:196.3,196.15 1 1
github.com/zero-day-ai/sdk/schema/schema.go:196.15,198.4 1 1
github.com/zero-day-ai/sdk/schema/schema.go:201.2,201.12 1 1
github.com/zero-day-ai/sdk/schema/schema.go:205.48,209.18 3 1
github.com/zero-day-ai/sdk/schema/schema.go:210.78,211.25 1 1
github.com/zero-day-ai/sdk/schema/schema.go:212.83,213.26 1 1
github.com/zero-day-ai/sdk/schema/schema.go:214.40,216.33 2 1
github.com/zero-day-ai/sdk/schema/schema.go:216.33,218.4 1 0
github.com/zero-day-ai/sdk/schema/schema.go:219.10,220.55 1 0
github.com/zero-day-ai/sdk/schema/schema.go:223.2,223.42 1 1
github.com/zero-day-ai/sdk/schema/schema.go:227.47,231.18 3 1
github.com/zero-day-ai/sdk/schema/schema.go:232.78,233.25 1 1
github.com/zero-day-ai/sdk/schema/schema.go:234.83,235.26 1 1
github.com/zero-day-ai/sdk/schema/schema.go:236.40,237.18 1 1
github.com/zero-day-ai/sdk/schema/schema.go:238.10,239.54 1 0
github.com/zero-day-ai/sdk/schema/schema.go:242.2,242.42 1 1
github.com/zero-day-ai/sdk/schema/schema.go:246.61,247.42 1 1
github.com/zero-day-ai/sdk/schema/schema.go:247.42,249.3 1 1
github.com/zero-day-ai/sdk/schema/schema.go:250.2,250.42 1 1
github.com/zero-day-ai/sdk/schema/schema.go:250.42,252.3 1 1
github.com/zero-day-ai/sdk/schema/schema.go:253.2,253.12 1 1
github.com/zero-day-ai/sdk/schema/schema.go:257.48,259.9 2 1
github.com/zero-day-ai/sdk/schema/schema.go:259.9,261.3 1 0
github.com/zero-day-ai/sdk/schema/schema.go:262.2,262.12 1 1
github.com/zero-day-ai/sdk/schema/schema.go:266.46,268.60 2 1
github.com/zero-day-ai/sdk/schema/schema.go:268.60,270.3 1 0
github.com/zero-day-ai/sdk/schema/schema.go:273.2,273.20 1 1
github.com/zero-day-ai/sdk/schema/schema.go:273.20,274.32 1 1
github.com/zero-day-ai/sdk/schema/schema.go:274.32,276.49 2 1
github.com/zero-day-ai/sdk/schema/schema.go:276.49,278.5 1 1
github.com/zero-day-ai/sdk/schema/schema.go:282.2,282.12 1 1
github.com/zero-day-ai/sdk/schema/schema.go:286.47,290.27 2 1
github.com/zero-day-ai/sdk/schema/schema.go:291.22,292.13 1 1
github.com/zero-day-ai/sdk/schema/schema.go:293.10,296.17 2 0
github.com/zero-day-ai/sdk/schema/schema.go:296.17,298.4 1 0
github.com/zero-day-ai/sdk/schema/schema.go:299.3,299.55 1 0
github.com/zero-day-ai/sdk/schema/schema.go:299.55,301.4 1 0
github.com/zero-day-ai/sdk/schema/schema.go:305.2,305.33 1 1
github.com/zero-day-ai/sdk/schema/schema.go:305.33,306.40 1 1
github.com/zero-day-ai/sdk/schema/schema.go:306.40,308.4 1 1
github.com/zero-day-ai/sdk/schema/schema.go:312.2,312.31 1 1
github.com/zero-day-ai/sdk/schema/schema.go:312.31,313.54 1 1
github.com/zero-day-ai/sdk/schema/schema.go:313.54,314.51 1 1
github.com/zero-day-ai/sdk/schema/schema.go:314.51,316.5 1 1
github.com/zero-day-ai/sdk/schema/schema.go:320.2,320.12 1 1
github.com/zero-day-ai/sdk/schema/schema.go:324.45,325.33 1 1
github.com/zero-day-ai/sdk/schema/schema.go:325.33,326.40 1 1
github.com/zero-day-ai/sdk/schema/schema.go:326.40,328.4 1 1
github.com/zero-day-ai/sdk/schema/schema.go:330.2,330.83 1 1
github.com/zero-day-ai/sdk/tool/builder.go:26.26,33.2 1 1
github.com/zero-day-ai/sdk/tool/builder.go:36.47,39.2 2 1
github.com/zero-day-ai/sdk/tool/builder.go:42.53,45.2 2 1
github.com/zero-day-ai/sdk/tool/builder.go:48.54,51.2 2 1
github.com/zero-day-ai/sdk/tool/builder.go:54.49,57.2 2 1
github.com/zero-day-ai/sdk/tool/builder.go:60.56,63.2 2 1
github.com/zero-day-ai/sdk/tool/builder.go:66.57,69.2 2 1
github.com/zero-day-ai/sdk/tool/builder.go:72.57,75.2 2 1
github.com/zero-day-ai/sdk/tool/builder.go:90.37,91.16 1 1
github.com/zero-day-ai/sdk/tool/builder.go:91.16,93.3 1 1
github.com/zero-day-ai/sdk/tool/builder.go:95.2,95.20 1 1
github.com/zero-day-ai/sdk/tool/builder.go:95.20,97.3 1 1
github.com/zero-day-ai/sdk/tool/builder.go:99.2,99.28 1 1
github.com/zero-day-ai/sdk/tool/builder.go:99.28,101.3 1 1
github.com/zero-day-ai/sdk/tool/builder.go:103.2,111.8 1 1
github.com/zero-day-ai/sdk/tool/builder.go:115.33,117.2 1 1
github.com/zero-day-ai/sdk/tool/builder.go:120.36,122.2 1 1
github.com/zero-day-ai/sdk/tool/builder.go:125.40,127.2 1 1
github.com/zero-day-ai/sdk/tool/builder.go:130.35,132.2 1 1
github.com/zero-day-ai/sdk/tool/builder.go:135.45,137.2 1 1
github.com/zero-day-ai/sdk/tool/builder.go:140.46,142.2 1 1
github.com/zero-day-ai/sdk/tool/builder.go:145.94,147.54 1 1
github.com/zero-day-ai/sdk/tool/builder.go:147.54,149.3 1 1
github.com/zero-day-ai/sdk/tool/builder.go:152.2,153.16 2 1
github.com/zero-day-ai/sdk/tool/builder.go:153.16,155.3 1 1
github.com/zero-day-ai/sdk/tool/builder.go:158.2,158.56 1 1
github.com/zero-day-ai/sdk/tool/builder.go:158.56,160.3 1 1
github.com/zero-day-ai/sdk/tool/builder.go:162.2,162.20 1 1
github.com/zero-day-ai/sdk/tool/builder.go:167.66,169.2 1 1
github.com/zero-day-ai/sdk/tool/types.go:29.38,38.2 1 1
github.com/zero-day-ai/sdk/llm/completion.go:60.50,61.36 1 1
github.com/zero-day-ai/sdk/llm/completion.go:61.36,63.3 1 1
github.com/zero-day-ai/sdk/llm/completion.go:67.44,68.36 1 1
github.com/zero-day-ai/sdk/llm/completion.go:68.36,70.3 1 1
github.com/zero-day-ai/sdk/llm/completion.go:75.43,76.36 1 1
github.com/zero-day-ai/sdk/llm/completion.go:76.36,78.3 1 1
github.com/zero-day-ai/sdk/llm/completion.go:82.58,83.36 1 1
github.com/zero-day-ai/sdk/llm/completion.go:83.36,85.3 1 1
github.com/zero-day-ai/sdk/llm/completion.go:89.51,90.36 1 1
github.com/zero-day-ai/sdk/llm/completion.go:90.36,92.3 1 1
github.com/zero-day-ai/sdk/llm/completion.go:96.68,97.27 1 1
github.com/zero-day-ai/sdk/llm/completion.go:97.27,99.3 1 1
github.com/zero-day-ai/sdk/llm/completion.go:103.92,109.2 3 1
github.com/zero-day-ai/sdk/llm/completion.go:112.48,114.2 1 1
github.com/zero-day-ai/sdk/llm/completion.go:117.50,119.2 1 1
github.com/zero-day-ai/sdk/llm/completion.go:122.48,124.2 1 1
github.com/zero-day-ai/sdk/llm/completion.go:127.54,133.2 1 1
github.com/zero-day-ai/sdk/llm/message.go:42.33,43.16 1 1
github.com/zero-day-ai/sdk/llm/message.go:44.28,45.93 1 1
github.com/zero-day-ai/sdk/llm/message.go:46.21,48.49 1 1
github.com/zero-day-ai/sdk/llm/message.go:49.16,50.48 1 1
github.com/zero-day-ai/sdk/llm/message.go:51.10,52.15 1 1
github.com/zero-day-ai/sdk/llm/message.go:57.31,59.2 1 1
github.com/zero-day-ai/sdk/llm/message.go:62.30,63.11 1 1
github.com/zero-day-ai/sdk/llm/message.go:64.53,65.14 1 1
github.com/zero-day-ai/sdk/llm/message.go:66.10,67.15 1 1
github.com/zero-day-ai/sdk/llm/slot.go:44.43,45.18 1 1
github.com/zero-day-ai/sdk/llm/slot.go:45.18,47.3 1 1
github.com/zero-day-ai/sdk/llm/slot.go:48.2,48.28 1 1
github.com/zero-day-ai/sdk/llm/slot.go:48.28,50.3 1 1
github.com/zero-day-ai/sdk/llm/slot.go:51.2,51.12 1 1
github.com/zero-day-ai/sdk/llm/slot.go:55.60,61.2 1 1
github.com/zero-day-ai/sdk/llm/slot.go:64.58,65.39 1 1
github.com/zero-day-ai/sdk/llm/slot.go:65.39,66.19 1 1
github.com/zero-day-ai/sdk/llm/slot.go:66.19,68.4 1 1
github.com/zero-day-ai/sdk/llm/slot.go:70.2,70.14 1 1
github.com/zero-day-ai/sdk/llm/slot.go:74.58,75.38 1 1
github.com/zero-day-ai/sdk/llm/slot.go:75.38,76.17 1 1
github.com/zero-day-ai/sdk/llm/slot.go:76.17,78.4 1 1
github.com/zero-day-ai/sdk/llm/slot.go:80.2,80.14 1 1
github.com/zero-day-ai/sdk/llm/slot.go:84.81,86.40 1 1
github.com/zero-day-ai/sdk/llm/slot.go:86.40,88.3 1 1
github.com/zero-day-ai/sdk/llm/slot.go:91.2,91.46 1 1
github.com/zero-day-ai/sdk/llm/slot.go:91.46,93.38 2 1
github.com/zero-day-ai/sdk/llm/slot.go:93.38,94.29 1 1
github.com/zero-day-ai/sdk/llm/slot.go:94.29,96.10 2 1
github.com/zero-day-ai/sdk/llm/slot.go:99.3,99.13 1 1
github.com/zero-day-ai/sdk/llm/slot.go:99.13,101.4 1 1
github.com/zero-day-ai/sdk/llm/slot.go:104.2,104.13 1 1
github.com/zero-day-ai/sdk/llm/slot.go:108.60,109.39 1 1
github.com/zero-day-ai/sdk/llm/slot.go:109.39,110.19 1 1
github.com/zero-day-ai/sdk/llm/slot.go:110.19,112.4 1 1
github.com/zero-day-ai/sdk/llm/slot.go:114.2,114.14 1 1
github.com/zero-day-ai/sdk/llm/slot.go:124.42,126.2 1 1
github.com/zero-day-ai/sdk/llm/stream.go:23.38,25.2 1 1
github.com/zero-day-ai/sdk/llm/stream.go:28.41,30.2 1 1
github.com/zero-day-ai/sdk/llm/stream.go:33.43,35.2 1 1
github.com/zero-day-ai/sdk/llm/stream.go:38.39,40.2 1 1
github.com/zero-day-ai/sdk/llm/stream.go:59.48,63.2 1 1
github.com/zero-day-ai/sdk/llm/stream.go:66.52,68.23 1 1
github.com/zero-day-ai/sdk/llm/stream.go:68.23,70.3 1 1
github.com/zero-day-ai/sdk/llm/stream.go:73.2,73.37 1 1
github.com/zero-day-ai/sdk/llm/stream.go:73.37,74.18 1 1
github.com/zero-day-ai/sdk/llm/stream.go:74.18,75.12 1 1
github.com/zero-day-ai/sdk/llm/stream.go:78.3,79.10 2 1
github.com/zero-day-ai/sdk/llm/stream.go:79.10,83.4 2 1
github.com/zero-day-ai/sdk/llm/stream.go:83.9,85.21 1 1
github.com/zero-day-ai/sdk/llm/stream.go:85.21,87.5 1 0
github.com/zero-day-ai/sdk/llm/stream.go:88.4,88.38 1 1
github.com/zero-day-ai/sdk/llm/stream.go:93.2,93.30 1 1
github.com/zero-day-ai/sdk/llm/stream.go:93.30,95.3 1 1
github.com/zero-day-ai/sdk/llm/stream.go:96.2,96.24 1 1
github.com/zero-day-ai/sdk/llm/stream.go:96.24,98.3 1 1
github.com/zero-day-ai/sdk/llm/stream.go:102.61,104.33 2 1
github.com/zero-day-ai/sdk/llm/stream.go:104.33,106.3 1 1
github.com/zero-day-ai/sdk/llm/stream.go:108.2,109.20 2 1
github.com/zero-day-ai/sdk/llm/stream.go:109.20,111.3 1 1
github.com/zero-day-ai/sdk/llm/stream.go:113.2,118.3 1 1
github.com/zero-day-ai/sdk/llm/stream.go:122.37,127.2 4 1
github.com/zero-day-ai/sdk/llm/stream.go:130.47,132.2 1 1
github.com/zero-day-ai/sdk/llm/tools.go:51.36,52.18 1 1
github.com/zero-day-ai/sdk/llm/tools.go:52.18,54.3 1 1
github.com/zero-day-ai/sdk/llm/tools.go:55.2,55.25 1 1
github.com/zero-day-ai/sdk/llm/tools.go:55.25,57.3 1 1
github.com/zero-day-ai/sdk/llm/tools.go:58.2,58.25 1 1
github.com/zero-day-ai/sdk/llm/tools.go:58.25,60.3 1 1
github.com/zero-day-ai/sdk/llm/tools.go:61.2,61.12 1 1
github.com/zero-day-ai/sdk/llm/tools.go:66.48,67.23 1 1
github.com/zero-day-ai/sdk/llm/tools.go:67.23,69.3 1 1
github.com/zero-day-ai/sdk/llm/tools.go:70.2,70.47 1 1
github.com/zero-day-ai/sdk/llm/tools.go:74.37,75.16 1 1
github.com/zero-day-ai/sdk/llm/tools.go:75.16,77.3 1 1
github.com/zero-day-ai/sdk/llm/tools.go:78.2,78.18 1 1
github.com/zero-day-ai/sdk/llm/tools.go:78.18,80.3 1 1
github.com/zero-day-ai/sdk/llm/tools.go:81.2,81.23 1 1
github.com/zero-day-ai/sdk/llm/tools.go:81.23,83.3 1 1
github.com/zero-day-ai/sdk/llm/tools.go:86.2,87.67 2 1
github.com/zero-day-ai/sdk/llm/tools.go:87.67,89.3 1 1
github.com/zero-day-ai/sdk/llm/tools.go:91.2,91.12 1 1
github.com/zero-day-ai/sdk/llm/tools.go:95.59,101.2 1 1
github.com/zero-day-ai/sdk/llm/tools.go:104.59,110.2 1 1
github.com/zero-day-ai/sdk/llm/tools.go:113.39,114.24 1 1
github.com/zero-day-ai/sdk/llm/tools.go:114.24,116.3 1 1
github.com/zero-day-ai/sdk/llm/tools.go:117.2,117.21 1 1
github.com/zero-day-ai/sdk/llm/tools.go:117.21,119.3 1 1
github.com/zero-day-ai/sdk/llm/tools.go:120.2,120.12 1 1
github.com/zero-day-ai/sdk/llm/tools.go:124.50,126.16 2 1
github.com/zero-day-ai/sdk/llm/tools.go:126.16,128.3 1 1
github.com/zero-day-ai/sdk/llm/tools.go:129.2,130.12 2 1
github.com/zero-day-ai/sdk/llm/tools.go:135.48,136.21 1 1
github.com/zero-day-ai/sdk/llm/tools.go:136.21,138.3 1 1
github.com/zero-day-ai/sdk/llm/tools.go:139.2,139.45 1 1
github.com/zero-day-ai/sdk/llm/tools.go:157.38,159.2 1 1
github.com/zero-day-ai/sdk/llm/tools.go:162.37,163.12 1 1
github.com/zero-day-ai/sdk/llm/tools.go:164.58,165.14 1 1
github.com/zero-day-ai/sdk/llm/tools.go:166.10,167.15 1 1
github.com/zero-day-ai/sdk/llm/tracker.go:31.45,35.2 1 1
github.com/zero-day-ai/sdk/llm/tracker.go:38.66,48.2 5 1
github.com/zero-day-ai/sdk/llm/tracker.go:51.50,55.2 3 1
github.com/zero-day-ai/sdk/llm/tracker.go:59.62,63.2 3 1
github.com/zero-day-ai/sdk/llm/tracker.go:66.39,72.2 4 1
github.com/zero-day-ai/sdk/llm/tracker.go:75.48,80.28 4 1
github.com/zero-day-ai/sdk/llm/tracker.go:80.28,82.3 1 1
github.com/zero-day-ai/sdk/llm/tracker.go:83.2,83.14 1 1
github.com/zero-day-ai/sdk/llm/tracker.go:87.57,92.2 4 1
github.com/zero-day-ai/sdk/llm/tracker.go:95.60,104.35 4 1
github.com/zero-day-ai/sdk/llm/tracker.go:104.35,106.3 1 1
github.com/zero-day-ai/sdk/llm/tracker.go:108.2,108.14 1 1
github.com/zero-day-ai/sdk/llm/tracker.go:121.51,126.35 4 1
github.com/zero-day-ai/sdk/llm/tracker.go:126.35,128.3 1 1
github.com/zero-day-ai/sdk/llm/tracker.go:130.2,133.3 1 1
github.com/zero-day-ai/sdk/agent/agent.go:88.37,90.2 1 1
github.com/zero-day-ai/sdk/agent/agent.go:93.36,94.11 1 1
github.com/zero-day-ai/sdk/agent/agent.go:96.46,97.14 1 1
github.com/zero-day-ai/sdk/agent/agent.go:98.10,99.15 1 1
github.com/zero-day-ai/sdk/agent/agent.go:104.42,105.11 1 1
github.com/zero-day-ai/sdk/agent/agent.go:106.33,107.83 1 1
github.com/zero-day-ai/sdk/agent/agent.go:108.27,109.68 1 1
github.com/zero-day-ai/sdk/agent/agent.go:110.32,111.80 1 1
github.com/zero-day-ai/sdk/agent/agent.go:112.35,113.66 1 1
github.com/zero-day-ai/sdk/agent/agent.go:114.21,115.79 1 1
github.com/zero-day-ai/sdk/agent/agent.go:116.10,117.30 1 1
github.com/zero-day-ai/sdk/agent/builder.go:45.26,52.2 1 1
github.com/zero-day-ai/sdk/agent/builder.go:56.47,59.2 2 1
github.com/zero-day-ai/sdk/agent/builder.go:63.53,66.2 2 1
github.com/zero-day-ai/sdk/agent/builder.go:70.54,73.2 2 1
github.com/zero-day-ai/sdk/agent/builder.go:76.61,79.2 2 1
github.com/zero-day-ai/sdk/agent/builder.go:82.56,85.2 2 1
github.com/zero-day-ai/sdk/agent/builder.go:88.67,91.2 2 1
github.com/zero-day-ai/sdk/agent/builder.go:94.60,97.2 2 1
github.com/zero-day-ai/sdk/agent/builder.go:100.73,103.2 2 1
github.com/zero-day-ai/sdk/agent/builder.go:106.66,109.2 2 1
github.com/zero-day-ai/sdk/agent/builder.go:114.85,124.2 3 1
github.com/zero-day-ai/sdk/agent/builder.go:127.72,130.2 2 1
github.com/zero-day-ai/sdk/agent/builder.go:134.57,137.2 2 1
github.com/zero-day-ai/sdk/agent/builder.go:141.51,144.2 2 1
github.com/zero-day-ai/sdk/agent/builder.go:148.59,151.2 2 1
github.com/zero-day-ai/sdk/agent/builder.go:155.55,158.2 2 1
github.com/zero-day-ai/sdk/agent/builder.go:161.35,162.18 1 1
github.com/zero-day-ai/sdk/agent/builder.go:162.18,164.3 1 1
github.com/zero-day-ai/sdk/agent/builder.go:165.2,165.21 1 1
github.com/zero-day-ai/sdk/agent/builder.go:165.21,167.3 1 1
github.com/zero-day-ai/sdk/agent/builder.go:168.2,168.25 1 1
github.com/zero-day-ai/sdk/agent/builder.go:168.25,170.3 1 1
github.com/zero-day-ai/sdk/agent/builder.go:171.2,171.26 1 1
github.com/zero-day-ai/sdk/agent/builder.go:171.26,173.3 1 1
github.com/zero-day-ai/sdk/agent/builder.go:174.2,174.12 1 1
github.com/zero-day-ai/sdk/agent/builder.go:179.38,180.39 1 1
github.com/zero-day-ai/sdk/agent/builder.go:180.39,182.3 1 1
github.com/zero-day-ai/sdk/agent/builder.go:185.2,186.21 2 1
github.com/zero-day-ai/sdk/agent/builder.go:186.21,187.69 1 1
github.com/zero-day-ai/sdk/agent/builder.go:187.69,189.4 1 1
github.com/zero-day-ai/sdk/agent/builder.go:192.2,193.25 2 1
github.com/zero-day-ai/sdk/agent/builder.go:193.25,194.50 1 1
github.com/zero-day-ai/sdk/agent/builder.go:194.50,196.4 1 1
github.com/zero-day-ai/sdk/agent/builder.go:199.2,200.23 2 1
github.com/zero-day-ai/sdk/agent/builder.go:200.23,201.61 1 1
github.com/zero-day-ai/sdk/agent/builder.go:201.61,203.4 1 1
github.com/zero-day-ai/sdk/agent/builder.go:206.2,218.8 1 1
github.com/zero-day-ai/sdk/agent/builder.go:238.34,240.2 1 1
github.com/zero-day-ai/sdk/agent/builder.go:243.37,245.2 1 1
github.com/zero-day-ai/sdk/agent/builder.go:248.41,250.2 1 1
github.com/zero-day-ai/sdk/agent/builder.go:253.48,255.2 1 1
github.com/zero-day-ai/sdk/agent/builder.go:258.53,260.2 1 1
github.com/zero-day-ai/sdk/agent/builder.go:263.59,265.2 1 1
github.com/zero-day-ai/sdk/agent/builder.go:268.52,270.2 1 1
github.com/zero-day-ai/sdk/agent/builder.go:273.93,275.2 1 1
github.com/zero-day-ai/sdk/agent/builder.go:278.81,280.2 1 1
github.com/zero-day-ai/sdk/agent/builder.go:283.56,285.2 1 1
github.com/zero-day-ai/sdk/agent/builder.go:288.67,290.2 1 1
github.com/zero-day-ai/sdk/agent/types.go:91.39,93.2 1 1
github.com/zero-day-ai/sdk/agent/types.go:96.38,97.11 1 1
github.com/zero-day-ai/sdk/agent/types.go:98.82,99.14 1 1
github.com/zero-day-ai/sdk/agent/types.go:100.10,101.15 1 1
github.com/zero-day-ai/sdk/agent/types.go:107.41,109.2 1 1
github.com/zero-day-ai/sdk/agent/types.go:113.43,115.2 1 1
github.com/zero-day-ai/sdk/agent/types.go:118.37,126.2 1 1
github.com/zero-day-ai/sdk/agent/types.go:129.51,130.22 1 1
github.com/zero-day-ai/sdk/agent/types.go:130.22,132.3 1 0
github.com/zero-day-ai/sdk/agent/types.go:133.2,134.16 2 1
github.com/zero-day-ai/sdk/agent/types.go:138.50,139.22 1 1
github.com/zero-day-ai/sdk/agent/types.go:139.22,141.3 1 0
github.com/zero-day-ai/sdk/agent/types.go:142.2,142.24 1 1
github.com/zero-day-ai/sdk/agent/types.go:146.52,147.23 1 1
github.com/zero-day-ai/sdk/agent/types.go:147.23,149.3 1 0
github.com/zero-day-ai/sdk/agent/types.go:150.2,151.16 2 1
github.com/zero-day-ai/sdk/agent/types.go:155.51,156.23 1 1
github.com/zero-day-ai/sdk/agent/types.go:156.23,158.3 1 0
github.com/zero-day-ai/sdk/agent/types.go:159.2,159.25 1 1
github.com/zero-day-ai/sdk/agent/types.go:163.63,165.41 1 1
github.com/zero-day-ai/sdk/agent/types.go:165.41,166.26 1 1
github.com/zero-day-ai/sdk/agent/types.go:166.26,168.4 1 1
github.com/zero-day-ai/sdk/agent/types.go:172.2,172.30 1 1
github.com/zero-day-ai/sdk/agent/types.go:172.30,174.3 1 1
github.com/zero-day-ai/sdk/agent/types.go:177.2,177.41 1 1
github.com/zero-day-ai/sdk/agent/types.go:177.41,178.26 1 1
github.com/zero-day-ai/sdk/agent/types.go:178.26,180.4 1 1
github.com/zero-day-ai/sdk/agent/types.go:183.2,183.14 1 1
github.com/zero-day-ai/sdk/agent/types.go:187.47,189.2 1 1
github.com/zero-day-ai/sdk/agent/types.go:192.48,194.2 1 1
github.com/zero-day-ai/sdk/agent/types.go:197.42,204.2 1 1
github.com/zero-day-ai/sdk/agent/types.go:207.40,214.2 1 1
github.com/zero-day-ai/sdk/agent/types.go:217.53,225.2 1 1
github.com/zero-day-ai/sdk/agent/types.go:228.34,234.2 1 1
github.com/zero-day-ai/sdk/agent/types.go:237.32,243.2 1 1
github.com/zero-day-ai/sdk/agent/types.go:246.47,247.23 1 1
github.com/zero-day-ai/sdk/agent/types.go:247.23,249.3 1 1
github.com/zero-day-ai/sdk/agent/types.go:250.2,250.44 1 1
github.com/zero-day-ai/sdk/agent/types.go:254.54,255.23 1 1
github.com/zero-day-ai/sdk/agent/types.go:255.23,257.3 1 0
github.com/zero-day-ai/sdk/agent/types.go:258.2,259.16 2 1
github.com/zero-day-ai/sdk/agent/types.go:263.53,264.23 1 1
github.com/zero-day-ai/sdk/agent/types.go:264.23,266.3 1 0
github.com/zero-day-ai/sdk/agent/types.go:267.2,267.25 1 1
github.com/zero-day-ai/sdk/memory/types.go:47.32,50.2 2 1
github.com/zero-day-ai/sdk/memory/types.go:53.34,56.2 2 1
github.com/zero-day-ai/sdk/memory/types.go:66.52,67.23 1 1
github.com/zero-day-ai/sdk/memory/types.go:67.23,69.3 1 1
github.com/zero-day-ai/sdk/memory/types.go:70.2,71.16 2 1
github.com/zero-day-ai/sdk/memory/types.go:81.51,82.23 1 1
github.com/zero-day-ai/sdk/memory/types.go:82.23,84.3 1 1
github.com/zero-day-ai/sdk/memory/types.go:85.2,85.25 1 1
github.com/zero-day-ai/sdk/memory/types.go:95.45,96.23 1 1
github.com/zero-day-ai/sdk/memory/types.go:96.23,98.3 1 1
github.com/zero-day-ai/sdk/memory/types.go:99.2,100.11 2 1
github.com/zero-day-ai/sdk/memory/types.go:112.30,120.23 2 1
github.com/zero-day-ai/sdk/memory/types.go:120.23,122.32 2 1
github.com/zero-day-ai/sdk/memory/types.go:122.32,124.4 1 1
github.com/zero-day-ai/sdk/memory/types.go:127.2,127.14 1 1
github.com/zero-day-ai/sdk/memory/types.go:132.28,133.14 1 1
github.com/zero-day-ai/sdk/memory/types.go:133.14,135.3 1 1
github.com/zero-day-ai/sdk/memory/types.go:138.2,139.16 2 1
github.com/zero-day-ai/sdk/memory/types.go:139.16,141.3 1 0
github.com/zero-day-ai/sdk/memory/types.go:143.2,144.53 2 1
github.com/zero-day-ai/sdk/memory/types.go:144.53,146.3 1 0
github.com/zero-day-ai/sdk/memory/types.go:148.2,148.14 1 1
github.com/zero-day-ai/sdk/memory/types.go:158.36,160.2 1 1
github.com/zero-day-ai/sdk/memory/types.go:169.48,171.2 1 1
github.com/zero-day-ai/sdk/memory/types.go:181.34,183.2 1 1
github.com/zero-day-ai/sdk/finding/category.go:39.34,40.11 1 1
github.com/zero-day-ai/sdk/finding/category.go:47.33,48.14 1 1
github.com/zero-day-ai/sdk/finding/category.go:49.10,50.15 1 1
github.com/zero-day-ai/sdk/finding/category.go:55.35,57.2 1 1
github.com/zero-day-ai/sdk/finding/category.go:60.40,61.11 1 1
github.com/zero-day-ai/sdk/finding/category.go:62.25,63.21 1 1
github.com/zero-day-ai/sdk/finding/category.go:64.31,65.28 1 1
github.com/zero-day-ai/sdk/finding/category.go:66.30,67.27 1 1
github.com/zero-day-ai/sdk/finding/category.go:68.35,69.32 1 1
github.com/zero-day-ai/sdk/finding/category.go:70.19,71.29 1 1
github.com/zero-day-ai/sdk/finding/category.go:72.33,73.30 1 1
github.com/zero-day-ai/sdk/finding/category.go:74.37,75.34 1 1
github.com/zero-day-ai/sdk/finding/category.go:76.10,77.19 1 1
github.com/zero-day-ai/sdk/finding/category.go:82.40,83.11 1 1
github.com/zero-day-ai/sdk/finding/category.go:84.25,85.70 1 1
github.com/zero-day-ai/sdk/finding/category.go:86.31,87.67 1 1
github.com/zero-day-ai/sdk/finding/category.go:88.30,89.65 1 1
github.com/zero-day-ai/sdk/finding/category.go:90.35,91.63 1 1
github.com/zero-day-ai/sdk/finding/category.go:92.19,93.60 1 1
github.com/zero-day-ai/sdk/finding/category.go:94.33,95.59 1 1
github.com/zero-day-ai/sdk/finding/category.go:96.37,97.66 1 1
github.com/zero-day-ai/sdk/finding/category.go:98.10,99.12 1 1
github.com/zero-day-ai/sdk/finding/category.go:105.48,107.25 2 1
github.com/zero-day-ai/sdk/finding/category.go:107.25,109.3 1 1
github.com/zero-day-ai/sdk/finding/category.go:110.2,110.22 1 1
github.com/zero-day-ai/sdk/finding/category.go:114.33,124.2 1 1
github.com/zero-day-ai/sdk/finding/evidence.go:50.38,51.11 1 1
github.com/zero-day-ai/sdk/finding/evidence.go:57.24,58.14 1 1
github.com/zero-day-ai/sdk/finding/evidence.go:59.10,60.15 1 1
github.com/zero-day-ai/sdk/finding/evidence.go:65.39,67.2 1 1
github.com/zero-day-ai/sdk/finding/evidence.go:70.44,71.11 1 1
github.com/zero-day-ai/sdk/finding/evidence.go:72.27,73.24 1 1
github.com/zero-day-ai/sdk/finding/evidence.go:74.28,75.25 1 1
github.com/zero-day-ai/sdk/finding/evidence.go:76.26,77.22 1 1
github.com/zero-day-ai/sdk/finding/evidence.go:78.19,79.15 1 1
github.com/zero-day-ai/sdk/finding/evidence.go:80.23,81.19 1 1
github.com/zero-day-ai/sdk/finding/evidence.go:82.28,83.24 1 1
github.com/zero-day-ai/sdk/finding/evidence.go:84.10,85.19 1 1
github.com/zero-day-ai/sdk/finding/evidence.go:90.37,91.23 1 1
github.com/zero-day-ai/sdk/finding/evidence.go:91.23,93.3 1 1
github.com/zero-day-ai/sdk/finding/evidence.go:94.2,94.19 1 1
github.com/zero-day-ai/sdk/finding/evidence.go:94.19,96.3 1 1
github.com/zero-day-ai/sdk/finding/evidence.go:97.2,97.21 1 1
github.com/zero-day-ai/sdk/finding/evidence.go:97.21,99.3 1 1
github.com/zero-day-ai/sdk/finding/evidence.go:100.2,100.26 1 1
github.com/zero-day-ai/sdk/finding/evidence.go:100.26,102.3 1 1
github.com/zero-day-ai/sdk/finding/evidence.go:103.2,103.12 1 1
github.com/zero-day-ai/sdk/finding/evidence.go:107.78,115.2 1 1
github.com/zero-day-ai/sdk/finding/evidence.go:118.66,119.23 1 1
github.com/zero-day-ai/sdk/finding/evidence.go:119.23,121.3 1 0
github.com/zero-day-ai/sdk/finding/evidence.go:122.2,123.10 2 1
github.com/zero-day-ai/sdk/finding/evidence.go:128.56,130.29 2 1
github.com/zero-day-ai/sdk/finding/evidence.go:130.29,132.3 1 1
github.com/zero-day-ai/sdk/finding/evidence.go:133.2,133.26 1 1
github.com/zero-day-ai/sdk/finding/evidence.go:137.40,146.2 1 1
github.com/zero-day-ai/sdk/finding/export.go:26.38,27.11 1 1
github.com/zero-day-ai/sdk/finding/export.go:28.54,29.14 1 1
github.com/zero-day-ai/sdk/finding/export.go:30.10,31.15 1 1
github.com/zero-day-ai/sdk/finding/export.go:36.39,38.2 1 1
github.com/zero-day-ai/sdk/finding/export.go:41.46,42.11 1 1
github.com/zero-day-ai/sdk/finding/export.go:43.18,44.17 1 1
github.com/zero-day-ai/sdk/finding/export.go:45.19,46.18 1 1
github.com/zero-day-ai/sdk/finding/export.go:47.17,48.16 1 1
github.com/zero-day-ai/sdk/finding/export.go:49.18,50.17 1 1
github.com/zero-day-ai/sdk/finding/export.go:51.10,52.12 1 1
github.com/zero-day-ai/sdk/finding/export.go:57.41,58.11 1 1
github.com/zero-day-ai/sdk/finding/export.go:59.18,60.28 1 1
github.com/zero-day-ai/sdk/finding/export.go:61.19,62.34 1 1
github.com/zero-day-ai/sdk/finding/export.go:63.17,64.20 1 1
github.com/zero-day-ai/sdk/finding/export.go:65.18,66.21 1 1
github.com/zero-day-ai/sdk/finding/export.go:67.10,68.36 1 1
github.com/zero-day-ai/sdk/finding/export.go:90.32,91.11 1 1
github.com/zero-day-ai/sdk/finding/export.go:92.72,93.14 1 1
github.com/zero-day-ai/sdk/finding/export.go:94.10,95.15 1 1
github.com/zero-day-ai/sdk/finding/export.go:100.33,102.2 1 1
github.com/zero-day-ai/sdk/finding/export.go:105.38,106.11 1 1
github.com/zero-day-ai/sdk/finding/export.go:107.18,108.16 1 1
github.com/zero-day-ai/sdk/finding/export.go:109.23,110.21 1 1
github.com/zero-day-ai/sdk/finding/export.go:111.22,112.20 1 1
github.com/zero-day-ai/sdk/finding/export.go:113.27,114.26 1 1
github.com/zero-day-ai/sdk/finding/export.go:115.10,116.19 1 1
github.com/zero-day-ai/sdk/finding/export.go:157.48,159.59 1 1
github.com/zero-day-ai/sdk/finding/export.go:159.59,161.3 1 1
github.com/zero-day-ai/sdk/finding/export.go:164.2,164.59 1 1
github.com/zero-day-ai/sdk/finding/export.go:164.59,166.3 1 1
github.com/zero-day-ai/sdk/finding/export.go:169.2,169.27 1 1
github.com/zero-day-ai/sdk/finding/export.go:169.27,171.36 2 1
github.com/zero-day-ai/sdk/finding/export.go:171.36,172.31 1 1
github.com/zero-day-ai/sdk/finding/export.go:172.31,174.10 2 1
github.com/zero-day-ai/sdk/finding/export.go:177.3,177.15 1 1
github.com/zero-day-ai/sdk/finding/export.go:177.15,179.4 1 1
github.com/zero-day-ai/sdk/finding/export.go:183.2,183.27 1 1
github.com/zero-day-ai/sdk/finding/export.go:183.27,185.36 2 1
github.com/zero-day-ai/sdk/finding/export.go:185.36,186.31 1 1
github.com/zero-day-ai/sdk/finding/export.go:186.31,188.10 2 1
github.com/zero-day-ai/sdk/finding/export.go:191.3,191.15 1 1
github.com/zero-day-ai/sdk/finding/export.go:191.15,193.4 1 1
github.com/zero-day-ai/sdk/finding/export.go:197.2,197.50 1 1
github.com/zero-day-ai/sdk/finding/export.go:197.50,199.3 1 1
github.com/zero-day-ai/sdk/finding/export.go:202.2,202.21 1 1
github.com/zero-day-ai/sdk/finding/export.go:202.21,204.36 2 1
github.com/zero-day-ai/sdk/finding/export.go:204.36,205.44 1 1
github.com/zero-day-ai/sdk/finding/export.go:205.44,206.32 1 1
github.com/zero-day-ai/sdk/finding/export.go:206.32,208.11 2 1
github.com/zero-day-ai/sdk/finding/export.go:211.4,211.15 1 1
github.com/zero-day-ai/sdk/finding/export.go:211.15,212.10 1 1
github.com/zero-day-ai/sdk/finding/export.go:215.3,215.15 1 1
github.com/zero-day-ai/sdk/finding/export.go:215.15,217.4 1 1
github.com/zero-day-ai/sdk/finding/export.go:221.2,221.54 1 1
github.com/zero-day-ai/sdk/finding/export.go:221.54,223.3 1 1
github.com/zero-day-ai/sdk/finding/export.go:226.2,226.74 1 1
github.com/zero-day-ai/sdk/finding/export.go:226.74,228.3 1 1
github.com/zero-day-ai/sdk/finding/export.go:231.2,231.75 1 1
github.com/zero-day-ai/sdk/finding/export.go:231.75,233.3 1 1
github.com/zero-day-ai/sdk/finding/export.go:235.2,235.13 1 1
github.com/zero-day-ai/sdk/finding/export.go:239.35,241.35 1 1
github.com/zero-day-ai/sdk/finding/export.go:241.35,242.21 1 1
github.com/zero-day-ai/sdk/finding/export.go:242.21,244.4 1 1
github.com/zero-day-ai/sdk/finding/export.go:248.2,248.35 1 1
github.com/zero-day-ai/sdk/finding/export.go:248.35,249.21 1 1
github.com/zero-day-ai/sdk/finding/export.go:249.21,251.4 1 1
github.com/zero-day-ai/sdk/finding/export.go:255.2,255.43 1 1
github.com/zero-day-ai/sdk/finding/export.go:255.43,257.3 1 1
github.com/zero-day-ai/sdk/finding/export.go:260.2,260.20 1 1
github.com/zero-day-ai/sdk/finding/export.go:260.20,262.3 1 1
github.com/zero-day-ai/sdk/finding/export.go:265.2,265.17 1 1
github.com/zero-day-ai/sdk/finding/export.go:265.17,267.3 1 1
github.com/zero-day-ai/sdk/finding/export.go:270.2,270.18 1 1
github.com/zero-day-ai/sdk/finding/export.go:270.18,272.3 1 1
github.com/zero-day-ai/sdk/finding/export.go:275.2,275.100 1 1
github.com/zero-day-ai/sdk/finding/export.go:275.100,277.3 1 1
github.com/zero-day-ai/sdk/finding/export.go:279.2,279.12 1 1
github.com/zero-day-ai/sdk/finding/export.go:284.56,286.23 2 1
github.com/zero-day-ai/sdk/finding/export.go:286.23,288.3 1 1
github.com/zero-day-ai/sdk/finding/export.go:289.2,289.20 1 1
github.com/zero-day-ai/sdk/finding/export.go:294.44,296.23 2 1
github.com/zero-day-ai/sdk/finding/export.go:296.23,298.3 1 1
github.com/zero-day-ai/sdk/finding/export.go:299.2,299.20 1 1
github.com/zero-day-ai/sdk/finding/export.go:303.40,310.2 1 1
github.com/zero-day-ai/sdk/finding/export.go:313.29,320.2 1 1
github.com/zero-day-ai/sdk/finding/finding.go:122.113,138.2 2 1
github.com/zero-day-ai/sdk/finding/finding.go:141.123,157.2 2 1
github.com/zero-day-ai/sdk/finding/finding.go:160.36,161.16 1 1
github.com/zero-day-ai/sdk/finding/finding.go:161.16,163.3 1 1
github.com/zero-day-ai/sdk/finding/finding.go:164.2,164.23 1 1
github.com/zero-day-ai/sdk/finding/finding.go:164.23,166.3 1 1
github.com/zero-day-ai/sdk/finding/finding.go:167.2,167.23 1 1
github.com/zero-day-ai/sdk/finding/finding.go:167.23,169.3 1 1
github.com/zero-day-ai/sdk/finding/finding.go:170.2,170.19 1 1
github.com/zero-day-ai/sdk/finding/finding.go:170.19,172.3 1 1
github.com/zero-day-ai/sdk/finding/finding.go:173.2,173.25 1 1
github.com/zero-day-ai/sdk/finding/finding.go:173.25,175.3 1 1
github.com/zero-day-ai/sdk/finding/finding.go:176.2,176.27 1 1
github.com/zero-day-ai/sdk/finding/finding.go:176.27,178.3 1 1
github.com/zero-day-ai/sdk/finding/finding.go:179.2,179.27 1 1
github.com/zero-day-ai/sdk/finding/finding.go:179.27,181.3 1 1
github.com/zero-day-ai/sdk/finding/finding.go:182.2,182.46 1 1
github.com/zero-day-ai/sdk/finding/finding.go:182.46,184.3 1 1
github.com/zero-day-ai/sdk/finding/finding.go:185.2,185.25 1 1
github.com/zero-day-ai/sdk/finding/finding.go:185.25,187.3 1 1
github.com/zero-day-ai/sdk/finding/finding.go:188.2,188.71 1 1
github.com/zero-day-ai/sdk/finding/finding.go:188.71,190.3 1 1
github.com/zero-day-ai/sdk/finding/finding.go:191.2,191.26 1 1
github.com/zero-day-ai/sdk/finding/finding.go:191.26,193.3 1 1
github.com/zero-day-ai/sdk/finding/finding.go:194.2,194.26 1 1
github.com/zero-day-ai/sdk/finding/finding.go:194.26,196.3 1 1
github.com/zero-day-ai/sdk/finding/finding.go:199.2,199.32 1 1
github.com/zero-day-ai/sdk/finding/finding.go:199.32,200.39 1 0
github.com/zero-day-ai/sdk/finding/finding.go:200.39,202.4 1 0
github.com/zero-day-ai/sdk/finding/finding.go:206.2,206.38 1 1
github.com/zero-day-ai/sdk/finding/finding.go:206.38,207.41 1 0
github.com/zero-day-ai/sdk/finding/finding.go:207.41,209.4 1 0
github.com/zero-day-ai/sdk/finding/finding.go:213.2,213.26 1 1
github.com/zero-day-ai/sdk/finding/finding.go:213.26,214.50 1 0
github.com/zero-day-ai/sdk/finding/finding.go:214.50,216.4 1 0
github.com/zero-day-ai/sdk/finding/finding.go:218.2,218.25 1 1
github.com/zero-day-ai/sdk/finding/finding.go:218.25,219.49 1 0
github.com/zero-day-ai/sdk/finding/finding.go:219.49,221.4 1 0
github.com/zero-day-ai/sdk/finding/finding.go:224.2,224.12 1 1
github.com/zero-day-ai/sdk/finding/finding.go:228.50,231.2 2 1
github.com/zero-day-ai/sdk/finding/finding.go:234.55,237.2 2 1
github.com/zero-day-ai/sdk/finding/finding.go:240.38,241.37 1 1
github.com/zero-day-ai/sdk/finding/finding.go:241.37,242.25 1 1
github.com/zero-day-ai/sdk/finding/finding.go:242.25,244.4 1 1
github.com/zero-day-ai/sdk/finding/finding.go:246.2,247.26 2 1
github.com/zero-day-ai/sdk/finding/finding.go:251.59,252.42 1 1
github.com/zero-day-ai/sdk/finding/finding.go:252.42,254.3 1 1
github.com/zero-day-ai/sdk/finding/finding.go:255.2,258.12 4 1
github.com/zero-day-ai/sdk/finding/finding.go:262.50,263.23 1 1
github.com/zero-day-ai/sdk/finding/finding.go:263.23,265.3 1 1
github.com/zero-day-ai/sdk/finding/finding.go:266.2,268.12 3 1
github.com/zero-day-ai/sdk/finding/finding.go:272.57,275.2 2 1
github.com/zero-day-ai/sdk/finding/finding.go:278.56,281.2 2 1
github.com/zero-day-ai/sdk/finding/finding.go:285.72,287.2 1 1
github.com/zero-day-ai/sdk/finding/finding.go:290.41,291.20 1 1
github.com/zero-day-ai/sdk/finding/finding.go:291.20,293.3 1 1
github.com/zero-day-ai/sdk/finding/finding.go:294.2,294.22 1 1
github.com/zero-day-ai/sdk/finding/finding.go:294.22,296.3 1 1
github.com/zero-day-ai/sdk/finding/finding.go:297.2,297.24 1 1
github.com/zero-day-ai/sdk/finding/finding.go:297.24,299.3 1 1
github.com/zero-day-ai/sdk/finding/finding.go:300.2,300.25 1 1
github.com/zero-day-ai/sdk/finding/finding.go:300.25,302.3 1 1
github.com/zero-day-ai/sdk/finding/finding.go:303.2,303.27 1 1
github.com/zero-day-ai/sdk/finding/finding.go:303.27,305.3 1 1
github.com/zero-day-ai/sdk/finding/finding.go:306.2,306.12 1 1
github.com/zero-day-ai/sdk/finding/finding.go:310.38,311.17 1 1
github.com/zero-day-ai/sdk/finding/finding.go:311.17,313.3 1 1
github.com/zero-day-ai/sdk/finding/finding.go:314.2,314.25 1 1
github.com/zero-day-ai/sdk/finding/finding.go:314.25,316.3 1 1
github.com/zero-day-ai/sdk/finding/finding.go:317.2,317.12 1 1
github.com/zero-day-ai/sdk/finding/finding.go:321.101,329.2 1 1
github.com/zero-day-ai/sdk/finding/finding.go:332.75,339.2 1 1
github.com/zero-day-ai/sdk/finding/severity.go:41.34,42.11 1 1
github.com/zero-day-ai/sdk/finding/severity.go:43.81,44.14 1 1
github.com/zero-day-ai/sdk/finding/severity.go:45.10,46.15 1 1
github.com/zero-day-ai/sdk/finding/severity.go:52.36,53.42 1 1
github.com/zero-day-ai/sdk/finding/severity.go:53.42,55.3 1 1
github.com/zero-day-ai/sdk/finding/severity.go:56.2,56.12 1 1
github.com/zero-day-ai/sdk/finding/severity.go:60.35,62.2 1 1
github.com/zero-day-ai/sdk/finding/severity.go:66.48,68.25 2 1
github.com/zero-day-ai/sdk/finding/severity.go:68.25,70.3 1 1
github.com/zero-day-ai/sdk/finding/severity.go:71.2,71.22 1 1
github.com/zero-day-ai/sdk/finding/severity.go:79.43,82.13 3 1
github.com/zero-day-ai/sdk/finding/severity.go:82.13,84.3 1 1
github.com/zero-day-ai/sdk/finding/severity.go:85.2,85.13 1 1
github.com/zero-day-ai/sdk/finding/severity.go:85.13,87.3 1 1
github.com/zero-day-ai/sdk/finding/severity.go:88.2,88.10 1 1
github.com/zero-day-ai/sdk/finding/severity.go:92.33,100.2 1 1
