mode: set
github.com/zero-day-ai/sdk/errors.go:89.35,90.18 1 1
github.com/zero-day-ai/sdk/errors.go:90.18,92.3 1 1
github.com/zero-day-ai/sdk/errors.go:94.2,94.44 1 1
github.com/zero-day-ai/sdk/errors.go:94.44,96.3 1 1
github.com/zero-day-ai/sdk/errors.go:98.2,98.61 1 1
github.com/zero-day-ai/sdk/errors.go:103.35,105.2 1 1
github.com/zero-day-ai/sdk/errors.go:109.42,110.19 1 1
github.com/zero-day-ai/sdk/errors.go:110.19,112.3 1 0
github.com/zero-day-ai/sdk/errors.go:115.2,115.37 1 1
github.com/zero-day-ai/sdk/errors.go:115.37,117.39 1 1
github.com/zero-day-ai/sdk/errors.go:117.39,118.34 1 1
github.com/zero-day-ai/sdk/errors.go:118.34,120.5 1 1
github.com/zero-day-ai/sdk/errors.go:125.2,125.33 1 1
github.com/zero-day-ai/sdk/errors.go:142.62,144.27 2 1
github.com/zero-day-ai/sdk/errors.go:144.27,146.3 1 1
github.com/zero-day-ai/sdk/errors.go:147.2,147.24 1 1
github.com/zero-day-ai/sdk/errors.go:147.24,149.3 1 1
github.com/zero-day-ai/sdk/errors.go:150.2,150.16 1 1
github.com/zero-day-ai/sdk/errors.go:154.55,160.2 1 1
github.com/zero-day-ai/sdk/errors.go:163.57,169.2 1 1
github.com/zero-day-ai/sdk/errors.go:172.56,178.2 1 1
github.com/zero-day-ai/sdk/errors.go:181.60,187.2 1 1
github.com/zero-day-ai/sdk/errors.go:190.54,196.2 1 1
github.com/zero-day-ai/sdk/errors.go:199.57,205.2 1 1
github.com/zero-day-ai/sdk/errors.go:208.54,214.2 1 1
github.com/zero-day-ai/sdk/errors.go:217.55,223.2 1 1
github.com/zero-day-ai/sdk/framework.go:206.104,208.27 2 1
github.com/zero-day-ai/sdk/framework.go:208.27,210.3 1 1
github.com/zero-day-ai/sdk/framework.go:212.2,232.21 6 1
github.com/zero-day-ai/sdk/framework.go:236.86,241.9 4 1
github.com/zero-day-ai/sdk/framework.go:241.9,243.3 1 0
github.com/zero-day-ai/sdk/framework.go:245.2,245.33 1 1
github.com/zero-day-ai/sdk/framework.go:245.33,247.3 1 1
github.com/zero-day-ai/sdk/framework.go:249.2,257.12 5 1
github.com/zero-day-ai/sdk/framework.go:261.85,266.9 4 1
github.com/zero-day-ai/sdk/framework.go:266.9,268.3 1 0
github.com/zero-day-ai/sdk/framework.go:270.2,270.33 1 1
github.com/zero-day-ai/sdk/framework.go:270.33,272.3 1 0
github.com/zero-day-ai/sdk/framework.go:274.2,282.12 5 1
github.com/zero-day-ai/sdk/framework.go:286.96,291.9 4 1
github.com/zero-day-ai/sdk/framework.go:291.9,293.3 1 1
github.com/zero-day-ai/sdk/framework.go:295.2,295.21 1 1
github.com/zero-day-ai/sdk/framework.go:299.102,301.27 2 1
github.com/zero-day-ai/sdk/framework.go:301.27,303.3 1 1
github.com/zero-day-ai/sdk/framework.go:305.2,310.37 4 1
github.com/zero-day-ai/sdk/framework.go:310.37,312.3 1 1
github.com/zero-day-ai/sdk/framework.go:315.2,315.20 1 1
github.com/zero-day-ai/sdk/framework.go:315.20,316.34 1 1
github.com/zero-day-ai/sdk/framework.go:316.34,318.4 1 0
github.com/zero-day-ai/sdk/framework.go:319.3,319.35 1 1
github.com/zero-day-ai/sdk/framework.go:323.2,323.48 1 1
github.com/zero-day-ai/sdk/framework.go:323.48,325.3 1 1
github.com/zero-day-ai/sdk/framework.go:327.2,327.22 1 1
github.com/zero-day-ai/sdk/framework.go:331.51,333.2 1 1
github.com/zero-day-ai/sdk/framework.go:336.49,338.2 1 1
github.com/zero-day-ai/sdk/framework.go:341.53,343.2 1 1
github.com/zero-day-ai/sdk/framework.go:346.111,353.42 4 1
github.com/zero-day-ai/sdk/framework.go:353.42,354.34 1 0
github.com/zero-day-ai/sdk/framework.go:354.34,355.38 1 0
github.com/zero-day-ai/sdk/framework.go:355.38,357.5 1 0
github.com/zero-day-ai/sdk/framework.go:362.2,362.23 1 1
github.com/zero-day-ai/sdk/framework.go:362.23,363.36 1 0
github.com/zero-day-ai/sdk/framework.go:363.36,365.4 1 0
github.com/zero-day-ai/sdk/framework.go:366.3,366.36 1 0
github.com/zero-day-ai/sdk/framework.go:369.2,369.53 1 1
github.com/zero-day-ai/sdk/framework.go:369.53,371.3 1 0
github.com/zero-day-ai/sdk/framework.go:373.2,373.21 1 1
github.com/zero-day-ai/sdk/framework.go:377.112,378.23 1 1
github.com/zero-day-ai/sdk/framework.go:378.23,380.3 1 1
github.com/zero-day-ai/sdk/framework.go:383.2,384.16 2 1
github.com/zero-day-ai/sdk/framework.go:384.16,386.3 1 0
github.com/zero-day-ai/sdk/framework.go:389.2,389.24 1 1
github.com/zero-day-ai/sdk/framework.go:389.24,391.3 1 1
github.com/zero-day-ai/sdk/framework.go:394.2,394.16 1 1
github.com/zero-day-ai/sdk/framework.go:395.26,398.37 3 1
github.com/zero-day-ai/sdk/framework.go:400.25,403.17 2 1
github.com/zero-day-ai/sdk/framework.go:403.17,405.4 1 0
github.com/zero-day-ai/sdk/framework.go:406.3,406.33 1 1
github.com/zero-day-ai/sdk/framework.go:406.33,409.18 2 0
github.com/zero-day-ai/sdk/framework.go:409.18,411.5 1 0
github.com/zero-day-ai/sdk/framework.go:413.3,413.13 1 1
github.com/zero-day-ai/sdk/framework.go:415.26,426.17 2 1
github.com/zero-day-ai/sdk/framework.go:426.17,428.4 1 0
github.com/zero-day-ai/sdk/framework.go:429.3,429.33 1 1
github.com/zero-day-ai/sdk/framework.go:429.33,432.18 2 0
github.com/zero-day-ai/sdk/framework.go:432.18,434.5 1 0
github.com/zero-day-ai/sdk/framework.go:436.3,437.13 2 1
github.com/zero-day-ai/sdk/framework.go:439.27,457.37 4 1
github.com/zero-day-ai/sdk/framework.go:459.10,460.61 1 0
github.com/zero-day-ai/sdk/framework.go:465.61,466.15 1 1
github.com/zero-day-ai/sdk/framework.go:466.15,468.3 1 1
github.com/zero-day-ai/sdk/framework.go:470.2,472.12 3 1
github.com/zero-day-ai/sdk/framework.go:476.64,477.16 1 1
github.com/zero-day-ai/sdk/framework.go:477.16,479.3 1 1
github.com/zero-day-ai/sdk/framework.go:481.2,485.38 3 1
github.com/zero-day-ai/sdk/framework.go:485.38,486.34 1 1
github.com/zero-day-ai/sdk/framework.go:486.34,491.4 4 1
github.com/zero-day-ai/sdk/framework.go:493.2,496.12 3 1
github.com/zero-day-ai/sdk/framework.go:506.59,511.2 1 1
github.com/zero-day-ai/sdk/framework.go:513.55,517.45 3 1
github.com/zero-day-ai/sdk/framework.go:517.45,519.3 1 1
github.com/zero-day-ai/sdk/framework.go:521.2,526.12 3 1
github.com/zero-day-ai/sdk/framework.go:529.63,534.9 4 1
github.com/zero-day-ai/sdk/framework.go:534.9,536.3 1 1
github.com/zero-day-ai/sdk/framework.go:537.2,537.15 1 1
github.com/zero-day-ai/sdk/framework.go:540.51,545.29 4 1
github.com/zero-day-ai/sdk/framework.go:545.29,551.3 1 1
github.com/zero-day-ai/sdk/framework.go:552.2,552.20 1 1
github.com/zero-day-ai/sdk/framework.go:555.55,559.42 3 1
github.com/zero-day-ai/sdk/framework.go:559.42,561.3 1 0
github.com/zero-day-ai/sdk/framework.go:563.2,565.12 3 1
github.com/zero-day-ai/sdk/framework.go:575.57,580.2 1 1
github.com/zero-day-ai/sdk/framework.go:582.52,586.44 3 1
github.com/zero-day-ai/sdk/framework.go:586.44,588.3 1 1
github.com/zero-day-ai/sdk/framework.go:590.2,595.12 3 1
github.com/zero-day-ai/sdk/framework.go:598.60,603.9 4 1
github.com/zero-day-ai/sdk/framework.go:603.9,605.3 1 1
github.com/zero-day-ai/sdk/framework.go:606.2,606.15 1 1
github.com/zero-day-ai/sdk/framework.go:609.49,614.28 4 1
github.com/zero-day-ai/sdk/framework.go:614.28,620.3 1 1
github.com/zero-day-ai/sdk/framework.go:621.2,621.20 1 1
github.com/zero-day-ai/sdk/framework.go:624.54,628.41 3 1
github.com/zero-day-ai/sdk/framework.go:628.41,630.3 1 0
github.com/zero-day-ai/sdk/framework.go:632.2,634.12 3 1
github.com/zero-day-ai/sdk/framework.go:644.61,649.2 1 1
github.com/zero-day-ai/sdk/framework.go:651.51,655.46 3 1
github.com/zero-day-ai/sdk/framework.go:655.46,657.3 1 0
github.com/zero-day-ai/sdk/framework.go:659.2,664.12 3 1
github.com/zero-day-ai/sdk/framework.go:667.59,672.9 4 1
github.com/zero-day-ai/sdk/framework.go:672.9,674.3 1 0
github.com/zero-day-ai/sdk/framework.go:675.2,675.15 1 1
github.com/zero-day-ai/sdk/framework.go:678.52,683.30 4 1
github.com/zero-day-ai/sdk/framework.go:683.30,689.3 1 1
github.com/zero-day-ai/sdk/framework.go:690.2,690.20 1 1
github.com/zero-day-ai/sdk/framework.go:693.56,697.43 3 0
github.com/zero-day-ai/sdk/framework.go:697.43,699.3 1 0
github.com/zero-day-ai/sdk/framework.go:701.2,703.12 3 0
github.com/zero-day-ai/sdk/framework.go:713.43,713.60 1 1
github.com/zero-day-ai/sdk/framework.go:714.43,714.63 1 1
github.com/zero-day-ai/sdk/framework.go:715.43,715.67 1 1
github.com/zero-day-ai/sdk/framework.go:719.14,722.2 0 1
github.com/zero-day-ai/sdk/gibson.go:26.63,28.27 2 1
github.com/zero-day-ai/sdk/gibson.go:28.27,30.3 1 1
github.com/zero-day-ai/sdk/gibson.go:33.2,33.23 1 1
github.com/zero-day-ai/sdk/gibson.go:33.23,37.3 1 1
github.com/zero-day-ai/sdk/gibson.go:40.2,51.15 2 1
github.com/zero-day-ai/sdk/gibson.go:69.57,71.27 2 1
github.com/zero-day-ai/sdk/gibson.go:71.27,73.3 1 1
github.com/zero-day-ai/sdk/gibson.go:75.2,75.23 1 1
github.com/zero-day-ai/sdk/gibson.go:95.53,97.27 2 1
github.com/zero-day-ai/sdk/gibson.go:97.27,99.3 1 1
github.com/zero-day-ai/sdk/gibson.go:101.2,101.22 1 1
github.com/zero-day-ai/sdk/gibson.go:115.54,117.27 2 1
github.com/zero-day-ai/sdk/gibson.go:117.27,119.3 1 1
github.com/zero-day-ai/sdk/gibson.go:122.2,122.20 1 1
github.com/zero-day-ai/sdk/gibson.go:122.20,124.3 1 1
github.com/zero-day-ai/sdk/gibson.go:125.2,125.23 1 1
github.com/zero-day-ai/sdk/gibson.go:125.23,127.3 1 1
github.com/zero-day-ai/sdk/gibson.go:130.2,134.8 1 1
github.com/zero-day-ai/sdk/gibson.go:151.59,156.27 2 1
github.com/zero-day-ai/sdk/gibson.go:156.27,158.3 1 1
github.com/zero-day-ai/sdk/gibson.go:160.2,160.59 1 1
github.com/zero-day-ai/sdk/gibson.go:176.56,181.27 2 1
github.com/zero-day-ai/sdk/gibson.go:181.27,183.3 1 1
github.com/zero-day-ai/sdk/gibson.go:185.2,185.58 1 1
github.com/zero-day-ai/sdk/gibson.go:199.55,204.27 2 1
github.com/zero-day-ai/sdk/gibson.go:204.27,206.3 1 1
github.com/zero-day-ai/sdk/gibson.go:208.2,208.60 1 1
github.com/zero-day-ai/sdk/options.go:28.46,29.34 1 1
github.com/zero-day-ai/sdk/options.go:29.34,31.3 1 1
github.com/zero-day-ai/sdk/options.go:36.54,37.34 1 1
github.com/zero-day-ai/sdk/options.go:37.34,39.3 1 1
github.com/zero-day-ai/sdk/options.go:44.54,45.34 1 1
github.com/zero-day-ai/sdk/options.go:45.34,47.3 1 1
github.com/zero-day-ai/sdk/options.go:55.40,56.31 1 1
github.com/zero-day-ai/sdk/options.go:56.31,58.3 1 1
github.com/zero-day-ai/sdk/options.go:63.46,64.31 1 1
github.com/zero-day-ai/sdk/options.go:64.31,66.3 1 1
github.com/zero-day-ai/sdk/options.go:71.47,72.31 1 1
github.com/zero-day-ai/sdk/options.go:72.31,74.3 1 1
github.com/zero-day-ai/sdk/options.go:79.61,80.31 1 1
github.com/zero-day-ai/sdk/options.go:80.31,82.3 1 1
github.com/zero-day-ai/sdk/options.go:87.67,88.31 1 1
github.com/zero-day-ai/sdk/options.go:88.31,90.3 1 1
github.com/zero-day-ai/sdk/options.go:95.76,96.31 1 1
github.com/zero-day-ai/sdk/options.go:96.31,98.3 1 1
github.com/zero-day-ai/sdk/options.go:110.78,111.31 1 1
github.com/zero-day-ai/sdk/options.go:111.31,113.3 1 1
github.com/zero-day-ai/sdk/options.go:118.56,119.31 1 1
github.com/zero-day-ai/sdk/options.go:119.31,121.3 1 1
github.com/zero-day-ai/sdk/options.go:127.50,128.31 1 1
github.com/zero-day-ai/sdk/options.go:128.31,130.3 1 1
github.com/zero-day-ai/sdk/options.go:136.58,137.31 1 1
github.com/zero-day-ai/sdk/options.go:137.31,139.3 1 1
github.com/zero-day-ai/sdk/options.go:147.43,148.30 1 1
github.com/zero-day-ai/sdk/options.go:148.30,150.3 1 1
github.com/zero-day-ai/sdk/options.go:155.49,156.30 1 1
github.com/zero-day-ai/sdk/options.go:156.30,158.3 1 1
github.com/zero-day-ai/sdk/options.go:163.50,164.30 1 1
github.com/zero-day-ai/sdk/options.go:164.30,166.3 1 1
github.com/zero-day-ai/sdk/options.go:171.46,172.30 1 1
github.com/zero-day-ai/sdk/options.go:172.30,174.3 1 1
github.com/zero-day-ai/sdk/options.go:179.48,180.30 1 1
github.com/zero-day-ai/sdk/options.go:180.30,182.3 1 1
github.com/zero-day-ai/sdk/options.go:187.49,188.30 1 1
github.com/zero-day-ai/sdk/options.go:188.30,190.3 1 1
github.com/zero-day-ai/sdk/options.go:195.57,196.30 1 1
github.com/zero-day-ai/sdk/options.go:196.30,198.3 1 1
github.com/zero-day-ai/sdk/options.go:224.47,225.31 1 1
github.com/zero-day-ai/sdk/options.go:225.31,227.3 1 1
github.com/zero-day-ai/sdk/options.go:231.53,232.31 1 1
github.com/zero-day-ai/sdk/options.go:232.31,234.3 1 1
github.com/zero-day-ai/sdk/options.go:238.54,239.31 1 1
github.com/zero-day-ai/sdk/options.go:239.31,241.3 1 1
github.com/zero-day-ai/sdk/options.go:246.91,247.31 1 0
github.com/zero-day-ai/sdk/options.go:247.31,248.23 1 0
github.com/zero-day-ai/sdk/options.go:248.23,250.4 1 0
github.com/zero-day-ai/sdk/options.go:251.3,255.4 1 0
github.com/zero-day-ai/sdk/options.go:260.55,261.31 1 0
github.com/zero-day-ai/sdk/options.go:261.31,263.3 1 0
github.com/zero-day-ai/sdk/options.go:267.59,268.31 1 0
github.com/zero-day-ai/sdk/options.go:268.31,270.3 1 0
github.com/zero-day-ai/sdk/options.go:292.37,293.30 1 1
github.com/zero-day-ai/sdk/options.go:293.30,295.3 1 1
github.com/zero-day-ai/sdk/options.go:300.50,301.30 1 1
github.com/zero-day-ai/sdk/options.go:301.30,303.3 1 1
github.com/zero-day-ai/sdk/options.go:308.62,309.30 1 1
github.com/zero-day-ai/sdk/options.go:309.30,311.3 1 1
github.com/zero-day-ai/sdk/options.go:316.52,317.30 1 1
github.com/zero-day-ai/sdk/options.go:317.30,320.3 2 1
github.com/zero-day-ai/sdk/options.go:325.46,326.30 1 0
github.com/zero-day-ai/sdk/options.go:326.30,328.3 1 0
github.com/zero-day-ai/sdk/options.go:333.51,334.30 1 0
github.com/zero-day-ai/sdk/options.go:334.30,337.3 2 0
github.com/zero-day-ai/sdk/options.go:342.63,343.30 1 0
github.com/zero-day-ai/sdk/options.go:343.30,345.3 1 0
github.com/zero-day-ai/sdk/options.go:362.49,363.32 1 1
github.com/zero-day-ai/sdk/options.go:363.32,365.3 1 1
github.com/zero-day-ai/sdk/options.go:369.56,370.32 1 1
github.com/zero-day-ai/sdk/options.go:370.32,372.3 1 1
github.com/zero-day-ai/sdk/options.go:376.55,377.32 1 1
github.com/zero-day-ai/sdk/options.go:377.32,379.3 1 1
github.com/zero-day-ai/sdk/options.go:383.60,384.32 1 1
github.com/zero-day-ai/sdk/options.go:384.32,386.3 1 1
github.com/zero-day-ai/sdk/options.go:390.62,391.32 1 1
github.com/zero-day-ai/sdk/options.go:391.32,393.3 1 1
github.com/zero-day-ai/sdk/options.go:397.71,398.32 1 1
github.com/zero-day-ai/sdk/options.go:398.32,399.24 1 1
github.com/zero-day-ai/sdk/options.go:399.24,401.4 1 1
github.com/zero-day-ai/sdk/options.go:402.3,402.26 1 1
github.com/zero-day-ai/sdk/options.go:417.38,418.29 1 1
github.com/zero-day-ai/sdk/options.go:418.29,420.3 1 1
github.com/zero-day-ai/sdk/options.go:424.40,425.29 1 1
github.com/zero-day-ai/sdk/options.go:425.29,427.3 1 1
github.com/zero-day-ai/sdk/options.go:431.59,432.29 1 1
github.com/zero-day-ai/sdk/options.go:432.29,433.22 1 1
github.com/zero-day-ai/sdk/options.go:433.22,435.4 1 1
github.com/zero-day-ai/sdk/options.go:436.3,436.24 1 1
