mode: set
github.com/zero-day-ai/sdk/finding/category.go:39.34,40.11 1 1
github.com/zero-day-ai/sdk/finding/category.go:47.33,48.14 1 1
github.com/zero-day-ai/sdk/finding/category.go:49.10,50.15 1 1
github.com/zero-day-ai/sdk/finding/category.go:55.35,57.2 1 1
github.com/zero-day-ai/sdk/finding/category.go:60.40,61.11 1 1
github.com/zero-day-ai/sdk/finding/category.go:62.25,63.21 1 1
github.com/zero-day-ai/sdk/finding/category.go:64.31,65.28 1 1
github.com/zero-day-ai/sdk/finding/category.go:66.30,67.27 1 1
github.com/zero-day-ai/sdk/finding/category.go:68.35,69.32 1 1
github.com/zero-day-ai/sdk/finding/category.go:70.19,71.29 1 1
github.com/zero-day-ai/sdk/finding/category.go:72.33,73.30 1 1
github.com/zero-day-ai/sdk/finding/category.go:74.37,75.34 1 1
github.com/zero-day-ai/sdk/finding/category.go:76.10,77.19 1 1
github.com/zero-day-ai/sdk/finding/category.go:82.40,83.11 1 1
github.com/zero-day-ai/sdk/finding/category.go:84.25,85.70 1 1
github.com/zero-day-ai/sdk/finding/category.go:86.31,87.67 1 1
github.com/zero-day-ai/sdk/finding/category.go:88.30,89.65 1 1
github.com/zero-day-ai/sdk/finding/category.go:90.35,91.63 1 1
github.com/zero-day-ai/sdk/finding/category.go:92.19,93.60 1 1
github.com/zero-day-ai/sdk/finding/category.go:94.33,95.59 1 1
github.com/zero-day-ai/sdk/finding/category.go:96.37,97.66 1 1
github.com/zero-day-ai/sdk/finding/category.go:98.10,99.12 1 1
github.com/zero-day-ai/sdk/finding/category.go:105.48,107.25 2 1
github.com/zero-day-ai/sdk/finding/category.go:107.25,109.3 1 1
github.com/zero-day-ai/sdk/finding/category.go:110.2,110.22 1 1
github.com/zero-day-ai/sdk/finding/category.go:114.33,124.2 1 1
github.com/zero-day-ai/sdk/finding/evidence.go:50.38,51.11 1 1
github.com/zero-day-ai/sdk/finding/evidence.go:57.24,58.14 1 1
github.com/zero-day-ai/sdk/finding/evidence.go:59.10,60.15 1 1
github.com/zero-day-ai/sdk/finding/evidence.go:65.39,67.2 1 1
github.com/zero-day-ai/sdk/finding/evidence.go:70.44,71.11 1 1
github.com/zero-day-ai/sdk/finding/evidence.go:72.27,73.24 1 1
github.com/zero-day-ai/sdk/finding/evidence.go:74.28,75.25 1 1
github.com/zero-day-ai/sdk/finding/evidence.go:76.26,77.22 1 1
github.com/zero-day-ai/sdk/finding/evidence.go:78.19,79.15 1 1
github.com/zero-day-ai/sdk/finding/evidence.go:80.23,81.19 1 1
github.com/zero-day-ai/sdk/finding/evidence.go:82.28,83.24 1 1
github.com/zero-day-ai/sdk/finding/evidence.go:84.10,85.19 1 1
github.com/zero-day-ai/sdk/finding/evidence.go:90.37,91.23 1 1
github.com/zero-day-ai/sdk/finding/evidence.go:91.23,93.3 1 1
github.com/zero-day-ai/sdk/finding/evidence.go:94.2,94.19 1 1
github.com/zero-day-ai/sdk/finding/evidence.go:94.19,96.3 1 1
github.com/zero-day-ai/sdk/finding/evidence.go:97.2,97.21 1 1
github.com/zero-day-ai/sdk/finding/evidence.go:97.21,99.3 1 1
github.com/zero-day-ai/sdk/finding/evidence.go:100.2,100.26 1 1
github.com/zero-day-ai/sdk/finding/evidence.go:100.26,102.3 1 1
github.com/zero-day-ai/sdk/finding/evidence.go:103.2,103.12 1 1
github.com/zero-day-ai/sdk/finding/evidence.go:107.78,115.2 1 1
github.com/zero-day-ai/sdk/finding/evidence.go:118.66,119.23 1 1
github.com/zero-day-ai/sdk/finding/evidence.go:119.23,121.3 1 0
github.com/zero-day-ai/sdk/finding/evidence.go:122.2,123.10 2 1
github.com/zero-day-ai/sdk/finding/evidence.go:128.56,130.29 2 1
github.com/zero-day-ai/sdk/finding/evidence.go:130.29,132.3 1 1
github.com/zero-day-ai/sdk/finding/evidence.go:133.2,133.26 1 1
github.com/zero-day-ai/sdk/finding/evidence.go:137.40,146.2 1 1
github.com/zero-day-ai/sdk/finding/export.go:26.38,27.11 1 1
github.com/zero-day-ai/sdk/finding/export.go:28.54,29.14 1 1
github.com/zero-day-ai/sdk/finding/export.go:30.10,31.15 1 1
github.com/zero-day-ai/sdk/finding/export.go:36.39,38.2 1 1
github.com/zero-day-ai/sdk/finding/export.go:41.46,42.11 1 1
github.com/zero-day-ai/sdk/finding/export.go:43.18,44.17 1 1
github.com/zero-day-ai/sdk/finding/export.go:45.19,46.18 1 1
github.com/zero-day-ai/sdk/finding/export.go:47.17,48.16 1 1
github.com/zero-day-ai/sdk/finding/export.go:49.18,50.17 1 1
github.com/zero-day-ai/sdk/finding/export.go:51.10,52.12 1 1
github.com/zero-day-ai/sdk/finding/export.go:57.41,58.11 1 1
github.com/zero-day-ai/sdk/finding/export.go:59.18,60.28 1 1
github.com/zero-day-ai/sdk/finding/export.go:61.19,62.34 1 1
github.com/zero-day-ai/sdk/finding/export.go:63.17,64.20 1 1
github.com/zero-day-ai/sdk/finding/export.go:65.18,66.21 1 1
github.com/zero-day-ai/sdk/finding/export.go:67.10,68.36 1 1
github.com/zero-day-ai/sdk/finding/export.go:90.32,91.11 1 1
github.com/zero-day-ai/sdk/finding/export.go:92.72,93.14 1 1
github.com/zero-day-ai/sdk/finding/export.go:94.10,95.15 1 1
github.com/zero-day-ai/sdk/finding/export.go:100.33,102.2 1 1
github.com/zero-day-ai/sdk/finding/export.go:105.38,106.11 1 1
github.com/zero-day-ai/sdk/finding/export.go:107.18,108.16 1 1
github.com/zero-day-ai/sdk/finding/export.go:109.23,110.21 1 1
github.com/zero-day-ai/sdk/finding/export.go:111.22,112.20 1 1
github.com/zero-day-ai/sdk/finding/export.go:113.27,114.26 1 1
github.com/zero-day-ai/sdk/finding/export.go:115.10,116.19 1 1
github.com/zero-day-ai/sdk/finding/export.go:157.48,159.59 1 1
github.com/zero-day-ai/sdk/finding/export.go:159.59,161.3 1 1
github.com/zero-day-ai/sdk/finding/export.go:164.2,164.59 1 1
github.com/zero-day-ai/sdk/finding/export.go:164.59,166.3 1 1
github.com/zero-day-ai/sdk/finding/export.go:169.2,169.27 1 1
github.com/zero-day-ai/sdk/finding/export.go:169.27,171.36 2 1
github.com/zero-day-ai/sdk/finding/export.go:171.36,172.31 1 1
github.com/zero-day-ai/sdk/finding/export.go:172.31,174.10 2 1
github.com/zero-day-ai/sdk/finding/export.go:177.3,177.15 1 1
github.com/zero-day-ai/sdk/finding/export.go:177.15,179.4 1 1
github.com/zero-day-ai/sdk/finding/export.go:183.2,183.27 1 1
github.com/zero-day-ai/sdk/finding/export.go:183.27,185.36 2 1
github.com/zero-day-ai/sdk/finding/export.go:185.36,186.31 1 1
github.com/zero-day-ai/sdk/finding/export.go:186.31,188.10 2 1
github.com/zero-day-ai/sdk/finding/export.go:191.3,191.15 1 1
github.com/zero-day-ai/sdk/finding/export.go:191.15,193.4 1 1
github.com/zero-day-ai/sdk/finding/export.go:197.2,197.50 1 1
github.com/zero-day-ai/sdk/finding/export.go:197.50,199.3 1 1
github.com/zero-day-ai/sdk/finding/export.go:202.2,202.21 1 1
github.com/zero-day-ai/sdk/finding/export.go:202.21,204.36 2 1
github.com/zero-day-ai/sdk/finding/export.go:204.36,205.44 1 1
github.com/zero-day-ai/sdk/finding/export.go:205.44,206.32 1 1
github.com/zero-day-ai/sdk/finding/export.go:206.32,208.11 2 1
github.com/zero-day-ai/sdk/finding/export.go:211.4,211.15 1 1
github.com/zero-day-ai/sdk/finding/export.go:211.15,212.10 1 1
github.com/zero-day-ai/sdk/finding/export.go:215.3,215.15 1 1
github.com/zero-day-ai/sdk/finding/export.go:215.15,217.4 1 1
github.com/zero-day-ai/sdk/finding/export.go:221.2,221.54 1 1
github.com/zero-day-ai/sdk/finding/export.go:221.54,223.3 1 1
github.com/zero-day-ai/sdk/finding/export.go:226.2,226.74 1 1
github.com/zero-day-ai/sdk/finding/export.go:226.74,228.3 1 1
github.com/zero-day-ai/sdk/finding/export.go:231.2,231.75 1 1
github.com/zero-day-ai/sdk/finding/export.go:231.75,233.3 1 1
github.com/zero-day-ai/sdk/finding/export.go:235.2,235.13 1 1
github.com/zero-day-ai/sdk/finding/export.go:239.35,241.35 1 1
github.com/zero-day-ai/sdk/finding/export.go:241.35,242.21 1 1
github.com/zero-day-ai/sdk/finding/export.go:242.21,244.4 1 1
github.com/zero-day-ai/sdk/finding/export.go:248.2,248.35 1 1
github.com/zero-day-ai/sdk/finding/export.go:248.35,249.21 1 1
github.com/zero-day-ai/sdk/finding/export.go:249.21,251.4 1 1
github.com/zero-day-ai/sdk/finding/export.go:255.2,255.43 1 1
github.com/zero-day-ai/sdk/finding/export.go:255.43,257.3 1 1
github.com/zero-day-ai/sdk/finding/export.go:260.2,260.20 1 1
github.com/zero-day-ai/sdk/finding/export.go:260.20,262.3 1 1
github.com/zero-day-ai/sdk/finding/export.go:265.2,265.17 1 1
github.com/zero-day-ai/sdk/finding/export.go:265.17,267.3 1 1
github.com/zero-day-ai/sdk/finding/export.go:270.2,270.18 1 1
github.com/zero-day-ai/sdk/finding/export.go:270.18,272.3 1 1
github.com/zero-day-ai/sdk/finding/export.go:275.2,275.100 1 1
github.com/zero-day-ai/sdk/finding/export.go:275.100,277.3 1 1
github.com/zero-day-ai/sdk/finding/export.go:279.2,279.12 1 1
github.com/zero-day-ai/sdk/finding/export.go:284.56,286.23 2 1
github.com/zero-day-ai/sdk/finding/export.go:286.23,288.3 1 1
github.com/zero-day-ai/sdk/finding/export.go:289.2,289.20 1 1
github.com/zero-day-ai/sdk/finding/export.go:294.44,296.23 2 1
github.com/zero-day-ai/sdk/finding/export.go:296.23,298.3 1 1
github.com/zero-day-ai/sdk/finding/export.go:299.2,299.20 1 1
github.com/zero-day-ai/sdk/finding/export.go:303.40,310.2 1 1
github.com/zero-day-ai/sdk/finding/export.go:313.29,320.2 1 1
github.com/zero-day-ai/sdk/finding/finding.go:122.113,138.2 2 1
github.com/zero-day-ai/sdk/finding/finding.go:141.123,157.2 2 1
github.com/zero-day-ai/sdk/finding/finding.go:160.36,161.16 1 1
github.com/zero-day-ai/sdk/finding/finding.go:161.16,163.3 1 1
github.com/zero-day-ai/sdk/finding/finding.go:164.2,164.23 1 1
github.com/zero-day-ai/sdk/finding/finding.go:164.23,166.3 1 1
github.com/zero-day-ai/sdk/finding/finding.go:167.2,167.23 1 1
github.com/zero-day-ai/sdk/finding/finding.go:167.23,169.3 1 1
github.com/zero-day-ai/sdk/finding/finding.go:170.2,170.19 1 1
github.com/zero-day-ai/sdk/finding/finding.go:170.19,172.3 1 1
github.com/zero-day-ai/sdk/finding/finding.go:173.2,173.25 1 1
github.com/zero-day-ai/sdk/finding/finding.go:173.25,175.3 1 1
github.com/zero-day-ai/sdk/finding/finding.go:176.2,176.27 1 1
github.com/zero-day-ai/sdk/finding/finding.go:176.27,178.3 1 1
github.com/zero-day-ai/sdk/finding/finding.go:179.2,179.27 1 1
github.com/zero-day-ai/sdk/finding/finding.go:179.27,181.3 1 1
github.com/zero-day-ai/sdk/finding/finding.go:182.2,182.46 1 1
github.com/zero-day-ai/sdk/finding/finding.go:182.46,184.3 1 1
github.com/zero-day-ai/sdk/finding/finding.go:185.2,185.25 1 1
github.com/zero-day-ai/sdk/finding/finding.go:185.25,187.3 1 1
github.com/zero-day-ai/sdk/finding/finding.go:188.2,188.71 1 1
github.com/zero-day-ai/sdk/finding/finding.go:188.71,190.3 1 1
github.com/zero-day-ai/sdk/finding/finding.go:191.2,191.26 1 1
github.com/zero-day-ai/sdk/finding/finding.go:191.26,193.3 1 1
github.com/zero-day-ai/sdk/finding/finding.go:194.2,194.26 1 1
github.com/zero-day-ai/sdk/finding/finding.go:194.26,196.3 1 1
github.com/zero-day-ai/sdk/finding/finding.go:199.2,199.32 1 1
github.com/zero-day-ai/sdk/finding/finding.go:199.32,200.39 1 0
github.com/zero-day-ai/sdk/finding/finding.go:200.39,202.4 1 0
github.com/zero-day-ai/sdk/finding/finding.go:206.2,206.38 1 1
github.com/zero-day-ai/sdk/finding/finding.go:206.38,207.41 1 0
github.com/zero-day-ai/sdk/finding/finding.go:207.41,209.4 1 0
github.com/zero-day-ai/sdk/finding/finding.go:213.2,213.26 1 1
github.com/zero-day-ai/sdk/finding/finding.go:213.26,214.50 1 0
github.com/zero-day-ai/sdk/finding/finding.go:214.50,216.4 1 0
github.com/zero-day-ai/sdk/finding/finding.go:218.2,218.25 1 1
github.com/zero-day-ai/sdk/finding/finding.go:218.25,219.49 1 0
github.com/zero-day-ai/sdk/finding/finding.go:219.49,221.4 1 0
github.com/zero-day-ai/sdk/finding/finding.go:224.2,224.12 1 1
github.com/zero-day-ai/sdk/finding/finding.go:228.50,231.2 2 1
github.com/zero-day-ai/sdk/finding/finding.go:234.55,237.2 2 1
github.com/zero-day-ai/sdk/finding/finding.go:240.38,241.37 1 1
github.com/zero-day-ai/sdk/finding/finding.go:241.37,242.25 1 1
github.com/zero-day-ai/sdk/finding/finding.go:242.25,244.4 1 1
github.com/zero-day-ai/sdk/finding/finding.go:246.2,247.26 2 1
github.com/zero-day-ai/sdk/finding/finding.go:251.59,252.42 1 1
github.com/zero-day-ai/sdk/finding/finding.go:252.42,254.3 1 1
github.com/zero-day-ai/sdk/finding/finding.go:255.2,258.12 4 1
github.com/zero-day-ai/sdk/finding/finding.go:262.50,263.23 1 1
github.com/zero-day-ai/sdk/finding/finding.go:263.23,265.3 1 1
github.com/zero-day-ai/sdk/finding/finding.go:266.2,268.12 3 1
github.com/zero-day-ai/sdk/finding/finding.go:272.57,275.2 2 1
github.com/zero-day-ai/sdk/finding/finding.go:278.56,281.2 2 1
github.com/zero-day-ai/sdk/finding/finding.go:285.72,287.2 1 1
github.com/zero-day-ai/sdk/finding/finding.go:290.41,291.20 1 1
github.com/zero-day-ai/sdk/finding/finding.go:291.20,293.3 1 1
github.com/zero-day-ai/sdk/finding/finding.go:294.2,294.22 1 1
github.com/zero-day-ai/sdk/finding/finding.go:294.22,296.3 1 1
github.com/zero-day-ai/sdk/finding/finding.go:297.2,297.24 1 1
github.com/zero-day-ai/sdk/finding/finding.go:297.24,299.3 1 1
github.com/zero-day-ai/sdk/finding/finding.go:300.2,300.25 1 1
github.com/zero-day-ai/sdk/finding/finding.go:300.25,302.3 1 1
github.com/zero-day-ai/sdk/finding/finding.go:303.2,303.27 1 1
github.com/zero-day-ai/sdk/finding/finding.go:303.27,305.3 1 1
github.com/zero-day-ai/sdk/finding/finding.go:306.2,306.12 1 1
github.com/zero-day-ai/sdk/finding/finding.go:310.38,311.17 1 1
github.com/zero-day-ai/sdk/finding/finding.go:311.17,313.3 1 1
github.com/zero-day-ai/sdk/finding/finding.go:314.2,314.25 1 1
github.com/zero-day-ai/sdk/finding/finding.go:314.25,316.3 1 1
github.com/zero-day-ai/sdk/finding/finding.go:317.2,317.12 1 1
github.com/zero-day-ai/sdk/finding/finding.go:321.101,329.2 1 1
github.com/zero-day-ai/sdk/finding/finding.go:332.75,339.2 1 1
github.com/zero-day-ai/sdk/finding/severity.go:41.34,42.11 1 1
github.com/zero-day-ai/sdk/finding/severity.go:43.81,44.14 1 1
github.com/zero-day-ai/sdk/finding/severity.go:45.10,46.15 1 1
github.com/zero-day-ai/sdk/finding/severity.go:52.36,53.42 1 1
github.com/zero-day-ai/sdk/finding/severity.go:53.42,55.3 1 1
github.com/zero-day-ai/sdk/finding/severity.go:56.2,56.12 1 1
github.com/zero-day-ai/sdk/finding/severity.go:60.35,62.2 1 1
github.com/zero-day-ai/sdk/finding/severity.go:66.48,68.25 2 1
github.com/zero-day-ai/sdk/finding/severity.go:68.25,70.3 1 1
github.com/zero-day-ai/sdk/finding/severity.go:71.2,71.22 1 1
github.com/zero-day-ai/sdk/finding/severity.go:79.43,82.13 3 1
github.com/zero-day-ai/sdk/finding/severity.go:82.13,84.3 1 1
github.com/zero-day-ai/sdk/finding/severity.go:85.2,85.13 1 1
github.com/zero-day-ai/sdk/finding/severity.go:85.13,87.3 1 1
github.com/zero-day-ai/sdk/finding/severity.go:88.2,88.10 1 1
github.com/zero-day-ai/sdk/finding/severity.go:92.33,100.2 1 1
