mode: set
github.com/zero-day-ai/sdk/plugin/builder.go:41.26,44.68 1 1
github.com/zero-day-ai/sdk/plugin/builder.go:44.68,46.4 1 1
github.com/zero-day-ai/sdk/plugin/builder.go:47.49,49.4 1 1
github.com/zero-day-ai/sdk/plugin/builder.go:54.39,56.2 1 1
github.com/zero-day-ai/sdk/plugin/builder.go:59.45,61.2 1 1
github.com/zero-day-ai/sdk/plugin/builder.go:64.46,66.2 1 1
github.com/zero-day-ai/sdk/plugin/builder.go:70.103,81.2 2 1
github.com/zero-day-ai/sdk/plugin/builder.go:85.124,96.2 2 1
github.com/zero-day-ai/sdk/plugin/builder.go:99.43,101.2 1 1
github.com/zero-day-ai/sdk/plugin/builder.go:104.51,106.2 1 1
github.com/zero-day-ai/sdk/plugin/builder.go:110.39,111.16 1 1
github.com/zero-day-ai/sdk/plugin/builder.go:111.16,113.3 1 1
github.com/zero-day-ai/sdk/plugin/builder.go:115.2,115.20 1 1
github.com/zero-day-ai/sdk/plugin/builder.go:115.20,117.3 1 1
github.com/zero-day-ai/sdk/plugin/builder.go:119.2,119.23 1 1
github.com/zero-day-ai/sdk/plugin/builder.go:119.23,121.3 1 1
github.com/zero-day-ai/sdk/plugin/builder.go:124.2,125.36 2 1
github.com/zero-day-ai/sdk/plugin/builder.go:125.36,126.34 1 1
github.com/zero-day-ai/sdk/plugin/builder.go:126.34,128.4 1 1
github.com/zero-day-ai/sdk/plugin/builder.go:129.3,129.60 1 1
github.com/zero-day-ai/sdk/plugin/builder.go:129.60,131.4 1 1
github.com/zero-day-ai/sdk/plugin/builder.go:132.3,132.43 1 1
github.com/zero-day-ai/sdk/plugin/builder.go:135.2,144.8 1 1
github.com/zero-day-ai/sdk/plugin/builder.go:161.35,163.2 1 1
github.com/zero-day-ai/sdk/plugin/builder.go:166.38,168.2 1 1
github.com/zero-day-ai/sdk/plugin/builder.go:171.42,173.2 1 1
github.com/zero-day-ai/sdk/plugin/builder.go:176.50,178.34 2 1
github.com/zero-day-ai/sdk/plugin/builder.go:178.34,180.3 1 1
github.com/zero-day-ai/sdk/plugin/builder.go:181.2,181.20 1 1
github.com/zero-day-ai/sdk/plugin/builder.go:185.99,190.13 4 1
github.com/zero-day-ai/sdk/plugin/builder.go:190.13,192.3 1 1
github.com/zero-day-ai/sdk/plugin/builder.go:195.2,195.70 1 1
github.com/zero-day-ai/sdk/plugin/builder.go:195.70,197.3 1 1
github.com/zero-day-ai/sdk/plugin/builder.go:200.2,201.16 2 1
github.com/zero-day-ai/sdk/plugin/builder.go:201.16,203.3 1 1
github.com/zero-day-ai/sdk/plugin/builder.go:206.2,206.71 1 1
github.com/zero-day-ai/sdk/plugin/builder.go:206.71,208.3 1 1
github.com/zero-day-ai/sdk/plugin/builder.go:210.2,210.20 1 1
github.com/zero-day-ai/sdk/plugin/builder.go:214.82,218.19 3 1
github.com/zero-day-ai/sdk/plugin/builder.go:218.19,220.3 1 1
github.com/zero-day-ai/sdk/plugin/builder.go:222.2,222.48 1 1
github.com/zero-day-ai/sdk/plugin/builder.go:222.48,224.3 1 1
github.com/zero-day-ai/sdk/plugin/builder.go:226.2,227.12 2 1
github.com/zero-day-ai/sdk/plugin/builder.go:231.57,235.20 3 1
github.com/zero-day-ai/sdk/plugin/builder.go:235.20,237.3 1 1
github.com/zero-day-ai/sdk/plugin/builder.go:239.2,239.44 1 1
github.com/zero-day-ai/sdk/plugin/builder.go:239.44,241.3 1 1
github.com/zero-day-ai/sdk/plugin/builder.go:243.2,244.12 2 1
github.com/zero-day-ai/sdk/plugin/builder.go:248.68,252.20 3 1
github.com/zero-day-ai/sdk/plugin/builder.go:252.20,254.3 1 1
github.com/zero-day-ai/sdk/plugin/builder.go:256.2,256.53 1 1
github.com/zero-day-ai/sdk/plugin/types.go:43.40,50.2 1 1
