mode: set
github.com/zero-day-ai/sdk/serve/agent.go:30.49,33.27 2 0
github.com/zero-day-ai/sdk/serve/agent.go:33.27,35.3 1 0
github.com/zero-day-ai/sdk/serve/agent.go:38.2,39.16 2 0
github.com/zero-day-ai/sdk/serve/agent.go:39.16,41.3 1 0
github.com/zero-day-ai/sdk/serve/agent.go:44.2,55.40 5 0
github.com/zero-day-ai/sdk/serve/agent.go:67.135,69.45 2 1
github.com/zero-day-ai/sdk/serve/agent.go:69.45,71.3 1 1
github.com/zero-day-ai/sdk/serve/agent.go:73.2,74.43 2 1
github.com/zero-day-ai/sdk/serve/agent.go:74.43,76.3 1 1
github.com/zero-day-ai/sdk/serve/agent.go:78.2,79.46 2 1
github.com/zero-day-ai/sdk/serve/agent.go:79.46,81.3 1 1
github.com/zero-day-ai/sdk/serve/agent.go:83.2,90.8 1 1
github.com/zero-day-ai/sdk/serve/agent.go:95.146,99.29 3 1
github.com/zero-day-ai/sdk/serve/agent.go:99.29,103.66 2 1
github.com/zero-day-ai/sdk/serve/agent.go:103.66,108.4 1 1
github.com/zero-day-ai/sdk/serve/agent.go:111.3,112.36 2 1
github.com/zero-day-ai/sdk/serve/agent.go:112.36,116.4 1 1
github.com/zero-day-ai/sdk/serve/agent.go:118.3,124.4 1 1
github.com/zero-day-ai/sdk/serve/agent.go:127.2,129.8 1 1
github.com/zero-day-ai/sdk/serve/agent.go:135.128,138.68 2 1
github.com/zero-day-ai/sdk/serve/agent.go:138.68,140.3 1 1
github.com/zero-day-ai/sdk/serve/agent.go:143.2,143.23 1 1
github.com/zero-day-ai/sdk/serve/agent.go:143.23,147.3 3 0
github.com/zero-day-ai/sdk/serve/agent.go:153.2,159.16 3 1
github.com/zero-day-ai/sdk/serve/agent.go:159.16,161.21 2 1
github.com/zero-day-ai/sdk/serve/agent.go:161.21,163.4 1 0
github.com/zero-day-ai/sdk/serve/agent.go:164.3,164.39 1 1
github.com/zero-day-ai/sdk/serve/agent.go:165.8,172.3 1 1
github.com/zero-day-ai/sdk/serve/agent.go:174.2,174.18 1 1
github.com/zero-day-ai/sdk/serve/agent.go:178.118,186.2 2 1
github.com/zero-day-ai/sdk/serve/options.go:17.32,18.25 1 1
github.com/zero-day-ai/sdk/serve/options.go:18.25,20.3 1 1
github.com/zero-day-ai/sdk/serve/options.go:30.45,31.25 1 1
github.com/zero-day-ai/sdk/serve/options.go:31.25,33.3 1 1
github.com/zero-day-ai/sdk/serve/options.go:47.57,48.25 1 1
github.com/zero-day-ai/sdk/serve/options.go:48.25,50.3 1 1
github.com/zero-day-ai/sdk/serve/options.go:63.47,64.25 1 1
github.com/zero-day-ai/sdk/serve/options.go:64.25,67.3 2 1
github.com/zero-day-ai/sdk/serve/plugin.go:66.49,69.27 2 0
github.com/zero-day-ai/sdk/serve/plugin.go:69.27,71.3 1 0
github.com/zero-day-ai/sdk/serve/plugin.go:74.2,75.16 2 0
github.com/zero-day-ai/sdk/serve/plugin.go:75.16,77.3 1 0
github.com/zero-day-ai/sdk/serve/plugin.go:80.2,91.40 5 0
github.com/zero-day-ai/sdk/serve/plugin.go:102.140,105.26 2 1
github.com/zero-day-ai/sdk/serve/plugin.go:105.26,106.73 1 1
github.com/zero-day-ai/sdk/serve/plugin.go:106.73,114.4 1 1
github.com/zero-day-ai/sdk/serve/plugin.go:118.2,122.16 3 1
github.com/zero-day-ai/sdk/serve/plugin.go:122.16,128.3 1 1
github.com/zero-day-ai/sdk/serve/plugin.go:130.2,130.18 1 1
github.com/zero-day-ai/sdk/serve/plugin.go:134.134,139.16 3 1
github.com/zero-day-ai/sdk/serve/plugin.go:139.16,145.3 1 1
github.com/zero-day-ai/sdk/serve/plugin.go:147.2,147.18 1 1
github.com/zero-day-ai/sdk/serve/plugin.go:151.143,153.16 2 1
github.com/zero-day-ai/sdk/serve/plugin.go:153.16,155.3 1 0
github.com/zero-day-ai/sdk/serve/plugin.go:158.2,159.33 2 1
github.com/zero-day-ai/sdk/serve/plugin.go:159.33,162.17 2 1
github.com/zero-day-ai/sdk/serve/plugin.go:162.17,164.4 1 0
github.com/zero-day-ai/sdk/serve/plugin.go:166.3,167.17 2 1
github.com/zero-day-ai/sdk/serve/plugin.go:167.17,169.4 1 0
github.com/zero-day-ai/sdk/serve/plugin.go:171.3,180.4 1 1
github.com/zero-day-ai/sdk/serve/plugin.go:183.2,185.8 1 1
github.com/zero-day-ai/sdk/serve/plugin.go:189.125,192.26 2 1
github.com/zero-day-ai/sdk/serve/plugin.go:192.26,193.73 1 1
github.com/zero-day-ai/sdk/serve/plugin.go:193.73,201.4 1 1
github.com/zero-day-ai/sdk/serve/plugin.go:205.2,205.23 1 1
github.com/zero-day-ai/sdk/serve/plugin.go:205.23,209.3 3 1
github.com/zero-day-ai/sdk/serve/plugin.go:212.2,218.16 3 1
github.com/zero-day-ai/sdk/serve/plugin.go:218.16,220.21 2 1
github.com/zero-day-ai/sdk/serve/plugin.go:220.21,228.4 1 0
github.com/zero-day-ai/sdk/serve/plugin.go:229.3,229.39 1 1
github.com/zero-day-ai/sdk/serve/plugin.go:230.8,237.3 1 1
github.com/zero-day-ai/sdk/serve/plugin.go:239.2,239.18 1 1
github.com/zero-day-ai/sdk/serve/plugin.go:243.120,251.2 2 1
github.com/zero-day-ai/sdk/serve/serve.go:47.30,53.2 1 1
github.com/zero-day-ai/sdk/serve/serve.go:68.46,69.16 1 1
github.com/zero-day-ai/sdk/serve/serve.go:69.16,71.3 1 1
github.com/zero-day-ai/sdk/serve/serve.go:74.2,75.16 2 1
github.com/zero-day-ai/sdk/serve/serve.go:75.16,77.3 1 0
github.com/zero-day-ai/sdk/serve/serve.go:80.2,83.51 2 1
github.com/zero-day-ai/sdk/serve/serve.go:83.51,85.17 2 0
github.com/zero-day-ai/sdk/serve/serve.go:85.17,88.4 2 0
github.com/zero-day-ai/sdk/serve/serve.go:89.3,89.41 1 0
github.com/zero-day-ai/sdk/serve/serve.go:93.2,104.8 4 1
github.com/zero-day-ai/sdk/serve/serve.go:109.44,111.2 1 1
github.com/zero-day-ai/sdk/serve/serve.go:115.48,117.2 1 1
github.com/zero-day-ai/sdk/serve/serve.go:122.51,127.12 2 1
github.com/zero-day-ai/sdk/serve/serve.go:127.12,128.56 1 1
github.com/zero-day-ai/sdk/serve/serve.go:128.56,130.4 1 0
github.com/zero-day-ai/sdk/serve/serve.go:134.2,138.9 3 1
github.com/zero-day-ai/sdk/serve/serve.go:139.20,142.19 2 1
github.com/zero-day-ai/sdk/serve/serve.go:143.22,147.13 3 0
github.com/zero-day-ai/sdk/serve/serve.go:148.22,150.13 1 0
github.com/zero-day-ai/sdk/serve/serve.go:157.25,159.2 1 1
github.com/zero-day-ai/sdk/serve/serve.go:164.33,172.12 4 1
github.com/zero-day-ai/sdk/serve/serve.go:172.12,175.3 2 1
github.com/zero-day-ai/sdk/serve/serve.go:178.2,178.9 1 1
github.com/zero-day-ai/sdk/serve/serve.go:179.14,181.43 1 1
github.com/zero-day-ai/sdk/serve/serve.go:182.20,185.22 2 0
github.com/zero-day-ai/sdk/serve/serve.go:191.29,192.23 1 1
github.com/zero-day-ai/sdk/serve/serve.go:192.23,193.55 1 1
github.com/zero-day-ai/sdk/serve/serve.go:193.55,195.4 1 1
github.com/zero-day-ai/sdk/serve/serve.go:197.2,197.22 1 0
github.com/zero-day-ai/sdk/serve/tool.go:30.46,33.27 2 0
github.com/zero-day-ai/sdk/serve/tool.go:33.27,35.3 1 0
github.com/zero-day-ai/sdk/serve/tool.go:38.2,39.16 2 0
github.com/zero-day-ai/sdk/serve/tool.go:39.16,41.3 1 0
github.com/zero-day-ai/sdk/serve/tool.go:44.2,55.40 5 0
github.com/zero-day-ai/sdk/serve/tool.go:67.132,70.16 2 1
github.com/zero-day-ai/sdk/serve/tool.go:70.16,72.3 1 0
github.com/zero-day-ai/sdk/serve/tool.go:75.2,76.16 2 1
github.com/zero-day-ai/sdk/serve/tool.go:76.16,78.3 1 0
github.com/zero-day-ai/sdk/serve/tool.go:80.2,91.8 1 1
github.com/zero-day-ai/sdk/serve/tool.go:97.125,100.70 2 1
github.com/zero-day-ai/sdk/serve/tool.go:100.70,102.3 1 1
github.com/zero-day-ai/sdk/serve/tool.go:105.2,105.23 1 1
github.com/zero-day-ai/sdk/serve/tool.go:105.23,109.3 3 1
github.com/zero-day-ai/sdk/serve/tool.go:112.2,118.16 3 1
github.com/zero-day-ai/sdk/serve/tool.go:118.16,120.21 2 1
github.com/zero-day-ai/sdk/serve/tool.go:120.21,122.4 1 0
github.com/zero-day-ai/sdk/serve/tool.go:123.3,123.39 1 1
github.com/zero-day-ai/sdk/serve/tool.go:124.8,131.3 1 1
github.com/zero-day-ai/sdk/serve/tool.go:133.2,133.18 1 1
github.com/zero-day-ai/sdk/serve/tool.go:137.116,145.2 2 1
