mode: set
github.com/zero-day-ai/sdk/tool/builder.go:26.26,33.2 1 1
github.com/zero-day-ai/sdk/tool/builder.go:36.47,39.2 2 1
github.com/zero-day-ai/sdk/tool/builder.go:42.53,45.2 2 1
github.com/zero-day-ai/sdk/tool/builder.go:48.54,51.2 2 1
github.com/zero-day-ai/sdk/tool/builder.go:54.49,57.2 2 1
github.com/zero-day-ai/sdk/tool/builder.go:60.56,63.2 2 1
github.com/zero-day-ai/sdk/tool/builder.go:66.57,69.2 2 1
github.com/zero-day-ai/sdk/tool/builder.go:72.57,75.2 2 1
github.com/zero-day-ai/sdk/tool/builder.go:90.37,91.16 1 1
github.com/zero-day-ai/sdk/tool/builder.go:91.16,93.3 1 1
github.com/zero-day-ai/sdk/tool/builder.go:95.2,95.20 1 1
github.com/zero-day-ai/sdk/tool/builder.go:95.20,97.3 1 1
github.com/zero-day-ai/sdk/tool/builder.go:99.2,99.28 1 1
github.com/zero-day-ai/sdk/tool/builder.go:99.28,101.3 1 1
github.com/zero-day-ai/sdk/tool/builder.go:103.2,111.8 1 1
github.com/zero-day-ai/sdk/tool/builder.go:115.33,117.2 1 1
github.com/zero-day-ai/sdk/tool/builder.go:120.36,122.2 1 1
github.com/zero-day-ai/sdk/tool/builder.go:125.40,127.2 1 1
github.com/zero-day-ai/sdk/tool/builder.go:130.35,132.2 1 1
github.com/zero-day-ai/sdk/tool/builder.go:135.45,137.2 1 1
github.com/zero-day-ai/sdk/tool/builder.go:140.46,142.2 1 1
github.com/zero-day-ai/sdk/tool/builder.go:145.94,147.54 1 1
github.com/zero-day-ai/sdk/tool/builder.go:147.54,149.3 1 1
github.com/zero-day-ai/sdk/tool/builder.go:152.2,153.16 2 1
github.com/zero-day-ai/sdk/tool/builder.go:153.16,155.3 1 1
github.com/zero-day-ai/sdk/tool/builder.go:158.2,158.56 1 1
github.com/zero-day-ai/sdk/tool/builder.go:158.56,160.3 1 1
github.com/zero-day-ai/sdk/tool/builder.go:162.2,162.20 1 1
github.com/zero-day-ai/sdk/tool/builder.go:167.66,169.2 1 1
github.com/zero-day-ai/sdk/tool/types.go:29.38,38.2 1 1
